{"/home/travis/build/npmtest/node-npmtest-passport-openidconnect/test.js":{"path":"/home/travis/build/npmtest/node-npmtest-passport-openidconnect/test.js","s":{"1":2,"2":2,"3":2,"4":2,"5":2,"6":2,"7":2,"8":1,"9":2,"10":2,"11":1,"12":1,"13":1,"14":1,"15":2,"16":2,"17":2,"18":2,"19":1,"20":1,"21":2,"22":2,"23":2,"24":1,"25":1,"26":1,"27":1,"28":1,"29":1,"30":1,"31":1,"32":1,"33":1,"34":1,"35":1,"36":1,"37":1,"38":1,"39":2,"40":2,"41":1,"42":2,"43":2,"44":1,"45":2,"46":2,"47":1,"48":2,"49":2,"50":1,"51":1,"52":1,"53":1,"54":1},"b":{"1":[2,1,1,1],"2":[1,1,1,1],"3":[1,1],"4":[1,1],"5":[1,1],"6":[1,1],"7":[1,1],"8":[1,1],"9":[1,1],"10":[1,1,1],"11":[1,1],"12":[1,1],"13":[1,1],"14":[1,1],"15":[1,1],"16":[1,1],"17":[1,1]},"f":{"1":2,"2":2,"3":2,"4":2,"5":2,"6":1,"7":1,"8":1,"9":2,"10":2,"11":2,"12":2,"13":1},"fnMap":{"1":{"name":"(anonymous_1)","line":12,"loc":{"start":{"line":12,"column":1},"end":{"line":12,"column":13}}},"2":{"name":"(anonymous_2)","line":19,"loc":{"start":{"line":19,"column":5},"end":{"line":19,"column":17}}},"3":{"name":"(anonymous_3)","line":23,"loc":{"start":{"line":23,"column":24},"end":{"line":23,"column":36}}},"4":{"name":"(anonymous_4)","line":61,"loc":{"start":{"line":61,"column":5},"end":{"line":61,"column":17}}},"5":{"name":"(anonymous_5)","line":82,"loc":{"start":{"line":82,"column":5},"end":{"line":82,"column":17}}},"6":{"name":"(anonymous_6)","line":91,"loc":{"start":{"line":91,"column":77},"end":{"line":94,"column":10}}},"7":{"name":"(anonymous_7)","line":112,"loc":{"start":{"line":112,"column":83},"end":{"line":115,"column":10}},"skip":true},"8":{"name":"(anonymous_8)","line":123,"loc":{"start":{"line":123,"column":77},"end":{"line":126,"column":10}},"skip":true},"9":{"name":"(anonymous_9)","line":139,"loc":{"start":{"line":139,"column":12},"end":{"line":139,"column":40}},"skip":true},"10":{"name":"(anonymous_10)","line":147,"loc":{"start":{"line":147,"column":77},"end":{"line":150,"column":10}},"skip":true},"11":{"name":"(anonymous_11)","line":158,"loc":{"start":{"line":158,"column":83},"end":{"line":161,"column":10}},"skip":true},"12":{"name":"(anonymous_12)","line":169,"loc":{"start":{"line":169,"column":79},"end":{"line":172,"column":10}},"skip":true},"13":{"name":"(anonymous_13)","line":180,"loc":{"start":{"line":180,"column":75},"end":{"line":183,"column":10}},"skip":true}},"statementMap":{"1":{"start":{"line":12,"column":0},"end":{"line":195,"column":5}},"2":{"start":{"line":14,"column":4},"end":{"line":14,"column":14}},"3":{"start":{"line":19,"column":4},"end":{"line":56,"column":9}},"4":{"start":{"line":21,"column":8},"end":{"line":21,"column":19}},"5":{"start":{"line":23,"column":8},"end":{"line":35,"column":13}},"6":{"start":{"line":24,"column":12},"end":{"line":34,"column":13}},"7":{"start":{"line":25,"column":16},"end":{"line":28,"column":30}},"8":{"start":{"line":30,"column":16},"end":{"line":33,"column":27}},"9":{"start":{"line":37,"column":8},"end":{"line":39,"column":21}},"10":{"start":{"line":40,"column":8},"end":{"line":53,"column":9}},"11":{"start":{"line":43,"column":12},"end":{"line":46,"column":14}},"12":{"start":{"line":47,"column":12},"end":{"line":47,"column":18}},"13":{"start":{"line":50,"column":12},"end":{"line":51,"column":46}},"14":{"start":{"line":52,"column":12},"end":{"line":52,"column":18}},"15":{"start":{"line":55,"column":8},"end":{"line":55,"column":35}},"16":{"start":{"line":61,"column":4},"end":{"line":63,"column":9}},"17":{"start":{"line":62,"column":8},"end":{"line":62,"column":15}},"18":{"start":{"line":64,"column":4},"end":{"line":77,"column":5}},"19":{"start":{"line":70,"column":8},"end":{"line":70,"column":14}},"20":{"start":{"line":76,"column":8},"end":{"line":76,"column":14}},"21":{"start":{"line":82,"column":4},"end":{"line":84,"column":9}},"22":{"start":{"line":83,"column":8},"end":{"line":83,"column":15}},"23":{"start":{"line":85,"column":4},"end":{"line":194,"column":5}},"24":{"start":{"line":91,"column":8},"end":{"line":99,"column":10}},"25":{"start":{"line":98,"column":12},"end":{"line":98,"column":35}},"26":{"start":{"line":102,"column":8},"end":{"line":104,"column":63}},"27":{"start":{"line":105,"column":8},"end":{"line":105,"column":14}},"28":{"start":{"line":112,"column":8},"end":{"line":121,"column":10},"skip":true},"29":{"start":{"line":119,"column":12},"end":{"line":119,"column":55},"skip":true},"30":{"start":{"line":120,"column":12},"end":{"line":120,"column":48},"skip":true},"31":{"start":{"line":123,"column":8},"end":{"line":136,"column":10},"skip":true},"32":{"start":{"line":130,"column":12},"end":{"line":130,"column":76},"skip":true},"33":{"start":{"line":131,"column":12},"end":{"line":131,"column":73},"skip":true},"34":{"start":{"line":132,"column":12},"end":{"line":132,"column":74},"skip":true},"35":{"start":{"line":133,"column":12},"end":{"line":133,"column":79},"skip":true},"36":{"start":{"line":134,"column":12},"end":{"line":134,"column":25},"skip":true},"37":{"start":{"line":135,"column":12},"end":{"line":135,"column":45},"skip":true},"38":{"start":{"line":138,"column":8},"end":{"line":145,"column":14},"skip":true},"39":{"start":{"line":143,"column":16},"end":{"line":143,"column":29},"skip":true},"40":{"start":{"line":144,"column":16},"end":{"line":144,"column":55},"skip":true},"41":{"start":{"line":147,"column":8},"end":{"line":156,"column":10},"skip":true},"42":{"start":{"line":154,"column":12},"end":{"line":154,"column":25},"skip":true},"43":{"start":{"line":155,"column":12},"end":{"line":155,"column":45},"skip":true},"44":{"start":{"line":158,"column":8},"end":{"line":167,"column":10},"skip":true},"45":{"start":{"line":165,"column":12},"end":{"line":165,"column":25},"skip":true},"46":{"start":{"line":166,"column":12},"end":{"line":166,"column":48},"skip":true},"47":{"start":{"line":169,"column":8},"end":{"line":178,"column":10},"skip":true},"48":{"start":{"line":176,"column":12},"end":{"line":176,"column":25},"skip":true},"49":{"start":{"line":177,"column":12},"end":{"line":177,"column":46},"skip":true},"50":{"start":{"line":180,"column":8},"end":{"line":189,"column":10},"skip":true},"51":{"start":{"line":187,"column":12},"end":{"line":187,"column":94},"skip":true},"52":{"start":{"line":188,"column":12},"end":{"line":188,"column":48},"skip":true},"53":{"start":{"line":192,"column":8},"end":{"line":192,"column":35},"skip":true},"54":{"start":{"line":193,"column":8},"end":{"line":193,"column":14},"skip":true}},"branchMap":{"1":{"line":25,"type":"binary-expr","locations":[{"start":{"line":25,"column":23},"end":{"line":25,"column":62}},{"start":{"line":26,"column":20},"end":{"line":26,"column":70}},{"start":{"line":27,"column":20},"end":{"line":27,"column":71}},{"start":{"line":28,"column":20},"end":{"line":28,"column":29}}]},"2":{"line":30,"type":"binary-expr","locations":[{"start":{"line":30,"column":23},"end":{"line":30,"column":37}},{"start":{"line":31,"column":20},"end":{"line":31,"column":61}},{"start":{"line":32,"column":20},"end":{"line":32,"column":70}},{"start":{"line":33,"column":20},"end":{"line":33,"column":26}}]},"3":{"line":37,"type":"cond-expr","locations":[{"start":{"line":38,"column":14},"end":{"line":38,"column":20}},{"start":{"line":39,"column":14},"end":{"line":39,"column":20}}]},"4":{"line":40,"type":"switch","locations":[{"start":{"line":42,"column":8},"end":{"line":47,"column":18}},{"start":{"line":49,"column":8},"end":{"line":52,"column":18}}]},"5":{"line":44,"type":"binary-expr","locations":[{"start":{"line":44,"column":16},"end":{"line":44,"column":44}},{"start":{"line":44,"column":48},"end":{"line":44,"column":66}}]},"6":{"line":50,"type":"binary-expr","locations":[{"start":{"line":50,"column":21},"end":{"line":50,"column":49}},{"start":{"line":50,"column":53},"end":{"line":50,"column":72}}]},"7":{"line":64,"type":"switch","locations":[{"start":{"line":69,"column":4},"end":{"line":70,"column":14}},{"start":{"line":75,"column":4},"end":{"line":76,"column":14}}]},"8":{"line":85,"type":"switch","locations":[{"start":{"line":90,"column":4},"end":{"line":105,"column":14}},{"start":{"line":111,"column":4},"end":{"line":193,"column":14},"skip":true}]},"9":{"line":91,"type":"binary-expr","locations":[{"start":{"line":91,"column":42},"end":{"line":91,"column":73}},{"start":{"line":91,"column":77},"end":{"line":99,"column":9}}]},"10":{"line":102,"type":"binary-expr","locations":[{"start":{"line":102,"column":18},"end":{"line":102,"column":32}},{"start":{"line":103,"column":12},"end":{"line":103,"column":53}},{"start":{"line":104,"column":12},"end":{"line":104,"column":61}}]},"11":{"line":112,"type":"binary-expr","locations":[{"start":{"line":112,"column":45},"end":{"line":112,"column":79},"skip":true},{"start":{"line":112,"column":83},"end":{"line":121,"column":9},"skip":true}]},"12":{"line":123,"type":"binary-expr","locations":[{"start":{"line":123,"column":42},"end":{"line":123,"column":73},"skip":true},{"start":{"line":123,"column":77},"end":{"line":136,"column":9},"skip":true}]},"13":{"line":138,"type":"binary-expr","locations":[{"start":{"line":138,"column":48},"end":{"line":138,"column":85},"skip":true},{"start":{"line":139,"column":12},"end":{"line":145,"column":13},"skip":true}]},"14":{"line":147,"type":"binary-expr","locations":[{"start":{"line":147,"column":42},"end":{"line":147,"column":73},"skip":true},{"start":{"line":147,"column":77},"end":{"line":156,"column":9},"skip":true}]},"15":{"line":158,"type":"binary-expr","locations":[{"start":{"line":158,"column":45},"end":{"line":158,"column":79},"skip":true},{"start":{"line":158,"column":83},"end":{"line":167,"column":9},"skip":true}]},"16":{"line":169,"type":"binary-expr","locations":[{"start":{"line":169,"column":43},"end":{"line":169,"column":75},"skip":true},{"start":{"line":169,"column":79},"end":{"line":178,"column":9},"skip":true}]},"17":{"line":180,"type":"binary-expr","locations":[{"start":{"line":180,"column":41},"end":{"line":180,"column":71},"skip":true},{"start":{"line":180,"column":75},"end":{"line":189,"column":9},"skip":true}]}},"code":["/* istanbul instrument in package npmtest_passport_openidconnect */","/*jslint","    bitwise: true,","    browser: true,","    maxerr: 8,","    maxlen: 96,","    node: true,","    nomen: true,","    regexp: true,","    stupid: true","*/","(function () {","    'use strict';","    var local;","","","","    // run shared js-env code - pre-init","    (function () {","        // init local","        local = {};","        // init modeJs","        local.modeJs = (function () {","            try {","                return typeof navigator.userAgent === 'string' &&","                    typeof document.querySelector('body') === 'object' &&","                    typeof XMLHttpRequest.prototype.open === 'function' &&","                    'browser';","            } catch (errorCaughtBrowser) {","                return module.exports &&","                    typeof process.versions.node === 'string' &&","                    typeof require('http').createServer === 'function' &&","                    'node';","            }","        }());","        // init global","        local.global = local.modeJs === 'browser'","            ? window","            : global;","        switch (local.modeJs) {","        // re-init local from window.local","        case 'browser':","            local = local.global.utility2.objectSetDefault(","                local.global.utility2_rollup || local.global.local,","                local.global.utility2","            );","            break;","        // re-init local from example.js","        case 'node':","            local = (local.global.utility2_rollup || require('utility2'))","                .requireExampleJsFromReadme();","            break;","        }","        // export local","        local.global.local = local;","    }());","","","","    // run shared js-env code - function","    (function () {","        return;","    }());","    switch (local.modeJs) {","","","","    // run browser js-env code - function","    case 'browser':","        break;","","","","    // run node js-env code - function","    case 'node':","        break;","    }","","","","    // run shared js-env code - post-init","    (function () {","        return;","    }());","    switch (local.modeJs) {","","","","    // run browser js-env code - post-init","    case 'browser':","        local.testCase_browser_nullCase = local.testCase_browser_nullCase || function (","            options,","            onError","        ) {","        /*","         * this function will test browsers's null-case handling-behavior-behavior","         */","            onError(null, options);","        };","","        // run tests","        local.nop(local.modeTest &&","            document.querySelector('#testRunButton1') &&","            document.querySelector('#testRunButton1').click());","        break;","","","","    // run node js-env code - post-init","    /* istanbul ignore next */","    case 'node':","        local.testCase_buildApidoc_default = local.testCase_buildApidoc_default || function (","            options,","            onError","        ) {","        /*","         * this function will test buildApidoc's default handling-behavior-behavior","         */","            options = { modulePathList: module.paths };","            local.buildApidoc(options, onError);","        };","","        local.testCase_buildApp_default = local.testCase_buildApp_default || function (","            options,","            onError","        ) {","        /*","         * this function will test buildApp's default handling-behavior-behavior","         */","            local.testCase_buildReadme_default(options, local.onErrorThrow);","            local.testCase_buildLib_default(options, local.onErrorThrow);","            local.testCase_buildTest_default(options, local.onErrorThrow);","            local.testCase_buildCustomOrg_default(options, local.onErrorThrow);","            options = [];","            local.buildApp(options, onError);","        };","","        local.testCase_buildCustomOrg_default = local.testCase_buildCustomOrg_default ||","            function (options, onError) {","            /*","             * this function will test buildCustomOrg's default handling-behavior","             */","                options = {};","                local.buildCustomOrg(options, onError);","            };","","        local.testCase_buildLib_default = local.testCase_buildLib_default || function (","            options,","            onError","        ) {","        /*","         * this function will test buildLib's default handling-behavior","         */","            options = {};","            local.buildLib(options, onError);","        };","","        local.testCase_buildReadme_default = local.testCase_buildReadme_default || function (","            options,","            onError","        ) {","        /*","         * this function will test buildReadme's default handling-behavior-behavior","         */","            options = {};","            local.buildReadme(options, onError);","        };","","        local.testCase_buildTest_default = local.testCase_buildTest_default || function (","            options,","            onError","        ) {","        /*","         * this function will test buildTest's default handling-behavior","         */","            options = {};","            local.buildTest(options, onError);","        };","","        local.testCase_webpage_default = local.testCase_webpage_default || function (","            options,","            onError","        ) {","        /*","         * this function will test webpage's default handling-behavior","         */","            options = { modeCoverageMerge: true, url: local.serverLocalHost + '?modeTest=1' };","            local.browserTest(options, onError);","        };","","        // run test-server","        local.testRunServer(local);","        break;","    }","}());",""],"l":{"12":2,"14":2,"19":2,"21":2,"23":2,"24":2,"25":2,"30":1,"37":2,"40":2,"43":1,"47":1,"50":1,"52":1,"55":2,"61":2,"62":2,"64":2,"70":1,"76":1,"82":2,"83":2,"85":2,"91":1,"98":1,"102":1,"105":1,"112":1,"119":1,"120":1,"123":1,"130":1,"131":1,"132":1,"133":1,"134":1,"135":1,"138":1,"143":2,"144":2,"147":1,"154":2,"155":2,"158":1,"165":2,"166":2,"169":1,"176":2,"177":2,"180":1,"187":1,"188":1,"192":1,"193":1}},"/home/travis/build/npmtest/node-npmtest-passport-openidconnect/lib.npmtest_passport_openidconnect.js":{"path":"/home/travis/build/npmtest/node-npmtest-passport-openidconnect/lib.npmtest_passport_openidconnect.js","s":{"1":2,"2":2,"3":2,"4":2,"5":2,"6":2,"7":2,"8":1,"9":2,"10":2,"11":2,"12":2,"13":1,"14":1,"15":1,"16":1},"b":{"1":[2,1,1,1],"2":[1,1,1,1],"3":[1,1],"4":[2,2],"5":[1,1]},"f":{"1":2,"2":2,"3":2},"fnMap":{"1":{"name":"(anonymous_1)","line":12,"loc":{"start":{"line":12,"column":1},"end":{"line":12,"column":13}}},"2":{"name":"(anonymous_2)","line":19,"loc":{"start":{"line":19,"column":5},"end":{"line":19,"column":17}}},"3":{"name":"(anonymous_3)","line":23,"loc":{"start":{"line":23,"column":24},"end":{"line":23,"column":36}}}},"statementMap":{"1":{"start":{"line":12,"column":0},"end":{"line":53,"column":5}},"2":{"start":{"line":14,"column":4},"end":{"line":14,"column":14}},"3":{"start":{"line":19,"column":4},"end":{"line":52,"column":9}},"4":{"start":{"line":21,"column":8},"end":{"line":21,"column":19}},"5":{"start":{"line":23,"column":8},"end":{"line":35,"column":13}},"6":{"start":{"line":24,"column":12},"end":{"line":34,"column":13}},"7":{"start":{"line":25,"column":16},"end":{"line":28,"column":30}},"8":{"start":{"line":30,"column":16},"end":{"line":33,"column":27}},"9":{"start":{"line":37,"column":8},"end":{"line":39,"column":21}},"10":{"start":{"line":41,"column":8},"end":{"line":41,"column":54}},"11":{"start":{"line":43,"column":8},"end":{"line":43,"column":67}},"12":{"start":{"line":45,"column":8},"end":{"line":51,"column":9}},"13":{"start":{"line":46,"column":12},"end":{"line":46,"column":73}},"14":{"start":{"line":48,"column":12},"end":{"line":48,"column":35}},"15":{"start":{"line":49,"column":12},"end":{"line":49,"column":49}},"16":{"start":{"line":50,"column":12},"end":{"line":50,"column":43}}},"branchMap":{"1":{"line":25,"type":"binary-expr","locations":[{"start":{"line":25,"column":23},"end":{"line":25,"column":62}},{"start":{"line":26,"column":20},"end":{"line":26,"column":70}},{"start":{"line":27,"column":20},"end":{"line":27,"column":71}},{"start":{"line":28,"column":20},"end":{"line":28,"column":29}}]},"2":{"line":30,"type":"binary-expr","locations":[{"start":{"line":30,"column":23},"end":{"line":30,"column":37}},{"start":{"line":31,"column":20},"end":{"line":31,"column":61}},{"start":{"line":32,"column":20},"end":{"line":32,"column":70}},{"start":{"line":33,"column":20},"end":{"line":33,"column":26}}]},"3":{"line":37,"type":"cond-expr","locations":[{"start":{"line":38,"column":14},"end":{"line":38,"column":20}},{"start":{"line":39,"column":14},"end":{"line":39,"column":20}}]},"4":{"line":41,"type":"binary-expr","locations":[{"start":{"line":41,"column":16},"end":{"line":41,"column":44}},{"start":{"line":41,"column":48},"end":{"line":41,"column":53}}]},"5":{"line":45,"type":"if","locations":[{"start":{"line":45,"column":8},"end":{"line":45,"column":8}},{"start":{"line":45,"column":8},"end":{"line":45,"column":8}}]}},"code":["/* istanbul instrument in package npmtest_passport_openidconnect */","/*jslint","    bitwise: true,","    browser: true,","    maxerr: 8,","    maxlen: 96,","    node: true,","    nomen: true,","    regexp: true,","    stupid: true","*/","(function () {","    'use strict';","    var local;","","","","    // run shared js-env code - pre-init","    (function () {","        // init local","        local = {};","        // init modeJs","        local.modeJs = (function () {","            try {","                return typeof navigator.userAgent === 'string' &&","                    typeof document.querySelector('body') === 'object' &&","                    typeof XMLHttpRequest.prototype.open === 'function' &&","                    'browser';","            } catch (errorCaughtBrowser) {","                return module.exports &&","                    typeof process.versions.node === 'string' &&","                    typeof require('http').createServer === 'function' &&","                    'node';","            }","        }());","        // init global","        local.global = local.modeJs === 'browser'","            ? window","            : global;","        // init utility2_rollup","        local = local.global.utility2_rollup || local;","        // init lib","        local.local = local.npmtest_passport_openidconnect = local;","        // init exports","        if (local.modeJs === 'browser') {","            local.global.utility2_npmtest_passport_openidconnect = local;","        } else {","            module.exports = local;","            module.exports.__dirname = __dirname;","            module.exports.module = module;","        }","    }());","}());",""],"l":{"12":2,"14":2,"19":2,"21":2,"23":2,"24":2,"25":2,"30":1,"37":2,"41":2,"43":2,"45":2,"46":1,"48":1,"49":1,"50":1}},"/home/travis/build/npmtest/node-npmtest-passport-openidconnect/example.js":{"path":"/home/travis/build/npmtest/node-npmtest-passport-openidconnect/example.js","s":{"1":2,"2":2,"3":2,"4":2,"5":2,"6":2,"7":2,"8":1,"9":2,"10":2,"11":2,"12":2,"13":1,"14":2,"15":2,"16":2,"17":2,"18":2,"19":0,"20":2,"21":1,"22":1,"23":1,"24":1,"25":1,"26":0,"27":0,"28":1,"29":1,"30":2,"31":0,"32":0,"33":0,"34":1,"35":2,"36":2,"37":3,"38":3,"39":3,"40":3,"41":0,"42":3,"43":3,"44":3,"45":1,"46":3,"47":1,"48":1,"49":1,"50":1,"51":1,"52":1,"53":1,"54":1,"55":1,"56":1,"57":0,"58":1,"59":6,"60":6,"61":1,"62":2,"63":0,"64":2,"65":1,"66":1,"67":0,"68":0,"69":0,"70":0,"71":0,"72":0,"73":0,"74":0,"75":0,"76":0,"77":0,"78":0,"79":0,"80":0,"81":0,"82":0,"83":0},"b":{"1":[2,1,1,1],"2":[1,1,1,1],"3":[1,1],"4":[2,2],"5":[1,1],"6":[1,1],"7":[2,0],"8":[2,1,1,1,1,1],"9":[0,2,0],"10":[1,1],"11":[2,1,1],"12":[1,0],"13":[0,2],"14":[2,0,0,0,0,0,0],"15":[0,3],"16":[3,0],"17":[1,1],"18":[0,1],"19":[1,2,0,2],"20":[1,0],"21":[1,1],"22":[0,0],"23":[0,0],"24":[0,0],"25":[0,0],"26":[0,0],"27":[0,0],"28":[0,0]},"f":{"1":2,"2":2,"3":2,"4":2,"5":2,"6":2,"7":3,"8":3,"9":3,"10":1,"11":6,"12":0},"fnMap":{"1":{"name":"(anonymous_1)","line":26,"loc":{"start":{"line":26,"column":1},"end":{"line":26,"column":13}}},"2":{"name":"(anonymous_2)","line":33,"loc":{"start":{"line":33,"column":5},"end":{"line":33,"column":17}}},"3":{"name":"(anonymous_3)","line":37,"loc":{"start":{"line":37,"column":24},"end":{"line":37,"column":36}}},"4":{"name":"(anonymous_4)","line":69,"loc":{"start":{"line":69,"column":31},"end":{"line":69,"column":48}},"skip":true},"5":{"name":"(anonymous_5)","line":78,"loc":{"start":{"line":78,"column":26},"end":{"line":78,"column":45}},"skip":true},"6":{"name":"(anonymous_6)","line":123,"loc":{"start":{"line":123,"column":33},"end":{"line":123,"column":48}},"skip":true},"7":{"name":"(anonymous_7)","line":125,"loc":{"start":{"line":125,"column":27},"end":{"line":125,"column":39}},"skip":true},"8":{"name":"(anonymous_8)","line":133,"loc":{"start":{"line":133,"column":59},"end":{"line":133,"column":74}},"skip":true},"9":{"name":"(anonymous_9)","line":143,"loc":{"start":{"line":143,"column":45},"end":{"line":143,"column":62}},"skip":true},"10":{"name":"(anonymous_10)","line":144,"loc":{"start":{"line":144,"column":73},"end":{"line":144,"column":92}},"skip":true},"11":{"name":"(anonymous_11)","line":272,"loc":{"start":{"line":272,"column":51},"end":{"line":272,"column":77}},"skip":true},"12":{"name":"(anonymous_12)","line":315,"loc":{"start":{"line":315,"column":32},"end":{"line":315,"column":61}},"skip":true}},"statementMap":{"1":{"start":{"line":26,"column":0},"end":{"line":326,"column":5}},"2":{"start":{"line":28,"column":4},"end":{"line":28,"column":14}},"3":{"start":{"line":33,"column":4},"end":{"line":60,"column":9}},"4":{"start":{"line":35,"column":8},"end":{"line":35,"column":19}},"5":{"start":{"line":37,"column":8},"end":{"line":49,"column":13}},"6":{"start":{"line":38,"column":12},"end":{"line":48,"column":13}},"7":{"start":{"line":39,"column":16},"end":{"line":42,"column":30}},"8":{"start":{"line":44,"column":16},"end":{"line":47,"column":27}},"9":{"start":{"line":51,"column":8},"end":{"line":53,"column":21}},"10":{"start":{"line":55,"column":8},"end":{"line":57,"column":45}},"11":{"start":{"line":59,"column":8},"end":{"line":59,"column":35}},"12":{"start":{"line":61,"column":4},"end":{"line":325,"column":5}},"13":{"start":{"line":69,"column":8},"end":{"line":121,"column":10},"skip":true},"14":{"start":{"line":70,"column":12},"end":{"line":88,"column":13},"skip":true},"15":{"start":{"line":76,"column":16},"end":{"line":87,"column":19},"skip":true},"16":{"start":{"line":79,"column":20},"end":{"line":86,"column":21},"skip":true},"17":{"start":{"line":82,"column":24},"end":{"line":82,"column":43},"skip":true},"18":{"start":{"line":83,"column":24},"end":{"line":83,"column":30},"skip":true},"19":{"start":{"line":85,"column":24},"end":{"line":85,"column":49},"skip":true},"20":{"start":{"line":89,"column":12},"end":{"line":107,"column":13},"skip":true},"21":{"start":{"line":92,"column":16},"end":{"line":102,"column":17},"skip":true},"22":{"start":{"line":93,"column":20},"end":{"line":93,"column":86},"skip":true},"23":{"start":{"line":94,"column":20},"end":{"line":95,"column":45},"skip":true},"24":{"start":{"line":96,"column":20},"end":{"line":96,"column":42},"skip":true},"25":{"start":{"line":97,"column":20},"end":{"line":97,"column":48},"skip":true},"26":{"start":{"line":100,"column":20},"end":{"line":100,"column":85},"skip":true},"27":{"start":{"line":101,"column":20},"end":{"line":101,"column":96},"skip":true},"28":{"start":{"line":103,"column":16},"end":{"line":103,"column":22},"skip":true},"29":{"start":{"line":106,"column":16},"end":{"line":106,"column":22},"skip":true},"30":{"start":{"line":108,"column":12},"end":{"line":120,"column":13},"skip":true},"31":{"start":{"line":114,"column":16},"end":{"line":119,"column":17},"skip":true},"32":{"start":{"line":116,"column":20},"end":{"line":116,"column":78},"skip":true},"33":{"start":{"line":118,"column":20},"end":{"line":118,"column":47},"skip":true},"34":{"start":{"line":123,"column":8},"end":{"line":141,"column":11},"skip":true},"35":{"start":{"line":124,"column":12},"end":{"line":124,"column":54},"skip":true},"36":{"start":{"line":125,"column":12},"end":{"line":140,"column":14},"skip":true},"37":{"start":{"line":126,"column":16},"end":{"line":126,"column":28},"skip":true},"38":{"start":{"line":127,"column":16},"end":{"line":127,"column":69},"skip":true},"39":{"start":{"line":128,"column":16},"end":{"line":128,"column":75},"skip":true},"40":{"start":{"line":129,"column":16},"end":{"line":131,"column":17},"skip":true},"41":{"start":{"line":130,"column":20},"end":{"line":130,"column":27},"skip":true},"42":{"start":{"line":133,"column":16},"end":{"line":137,"column":36},"skip":true},"43":{"start":{"line":134,"column":20},"end":{"line":136,"column":55},"skip":true},"44":{"start":{"line":139,"column":16},"end":{"line":139,"column":57},"skip":true},"45":{"start":{"line":143,"column":8},"end":{"line":147,"column":11},"skip":true},"46":{"start":{"line":144,"column":12},"end":{"line":146,"column":15},"skip":true},"47":{"start":{"line":145,"column":16},"end":{"line":145,"column":70},"skip":true},"48":{"start":{"line":149,"column":8},"end":{"line":149,"column":31},"skip":true},"49":{"start":{"line":150,"column":8},"end":{"line":150,"column":14},"skip":true},"50":{"start":{"line":158,"column":8},"end":{"line":158,"column":31},"skip":true},"51":{"start":{"line":160,"column":8},"end":{"line":160,"column":33},"skip":true},"52":{"start":{"line":161,"column":8},"end":{"line":161,"column":37},"skip":true},"53":{"start":{"line":162,"column":8},"end":{"line":162,"column":35},"skip":true},"54":{"start":{"line":164,"column":8},"end":{"line":164,"column":50},"skip":true},"55":{"start":{"line":166,"column":8},"end":{"line":256,"column":2},"skip":true},"56":{"start":{"line":258,"column":8},"end":{"line":286,"column":9},"skip":true},"57":{"start":{"line":259,"column":12},"end":{"line":269,"column":14},"skip":true},"58":{"start":{"line":271,"column":12},"end":{"line":285,"column":19},"skip":true},"59":{"start":{"line":274,"column":20},"end":{"line":274,"column":35},"skip":true},"60":{"start":{"line":275,"column":20},"end":{"line":284,"column":21},"skip":true},"61":{"start":{"line":277,"column":24},"end":{"line":277,"column":64},"skip":true},"62":{"start":{"line":279,"column":24},"end":{"line":279,"column":40},"skip":true},"63":{"start":{"line":281,"column":24},"end":{"line":281,"column":40},"skip":true},"64":{"start":{"line":283,"column":24},"end":{"line":283,"column":39},"skip":true},"65":{"start":{"line":288,"column":8},"end":{"line":290,"column":9},"skip":true},"66":{"start":{"line":289,"column":12},"end":{"line":289,"column":18},"skip":true},"67":{"start":{"line":291,"column":8},"end":{"line":293,"column":54},"skip":true},"68":{"start":{"line":296,"column":8},"end":{"line":301,"column":37},"skip":true},"69":{"start":{"line":303,"column":8},"end":{"line":303,"column":82},"skip":true},"70":{"start":{"line":306,"column":8},"end":{"line":308,"column":9},"skip":true},"71":{"start":{"line":307,"column":12},"end":{"line":307,"column":82},"skip":true},"72":{"start":{"line":310,"column":8},"end":{"line":312,"column":9},"skip":true},"73":{"start":{"line":311,"column":12},"end":{"line":311,"column":18},"skip":true},"74":{"start":{"line":313,"column":8},"end":{"line":313,"column":54},"skip":true},"75":{"start":{"line":314,"column":8},"end":{"line":314,"column":69},"skip":true},"76":{"start":{"line":315,"column":8},"end":{"line":323,"column":36},"skip":true},"77":{"start":{"line":316,"column":12},"end":{"line":316,"column":61},"skip":true},"78":{"start":{"line":317,"column":12},"end":{"line":320,"column":13},"skip":true},"79":{"start":{"line":318,"column":16},"end":{"line":318,"column":75},"skip":true},"80":{"start":{"line":319,"column":16},"end":{"line":319,"column":23},"skip":true},"81":{"start":{"line":321,"column":12},"end":{"line":321,"column":38},"skip":true},"82":{"start":{"line":322,"column":12},"end":{"line":322,"column":27},"skip":true},"83":{"start":{"line":324,"column":8},"end":{"line":324,"column":14},"skip":true}},"branchMap":{"1":{"line":39,"type":"binary-expr","locations":[{"start":{"line":39,"column":23},"end":{"line":39,"column":62}},{"start":{"line":40,"column":20},"end":{"line":40,"column":70}},{"start":{"line":41,"column":20},"end":{"line":41,"column":71}},{"start":{"line":42,"column":20},"end":{"line":42,"column":29}}]},"2":{"line":44,"type":"binary-expr","locations":[{"start":{"line":44,"column":23},"end":{"line":44,"column":37}},{"start":{"line":45,"column":20},"end":{"line":45,"column":61}},{"start":{"line":46,"column":20},"end":{"line":46,"column":70}},{"start":{"line":47,"column":20},"end":{"line":47,"column":26}}]},"3":{"line":51,"type":"cond-expr","locations":[{"start":{"line":52,"column":14},"end":{"line":52,"column":20}},{"start":{"line":53,"column":14},"end":{"line":53,"column":20}}]},"4":{"line":55,"type":"binary-expr","locations":[{"start":{"line":55,"column":16},"end":{"line":55,"column":44}},{"start":{"line":55,"column":49},"end":{"line":57,"column":43}}]},"5":{"line":55,"type":"cond-expr","locations":[{"start":{"line":56,"column":14},"end":{"line":56,"column":66}},{"start":{"line":57,"column":14},"end":{"line":57,"column":43}}]},"6":{"line":61,"type":"switch","locations":[{"start":{"line":68,"column":4},"end":{"line":150,"column":14},"skip":true},{"start":{"line":156,"column":4},"end":{"line":324,"column":14},"skip":true}]},"7":{"line":70,"type":"if","locations":[{"start":{"line":70,"column":12},"end":{"line":70,"column":12},"skip":true},{"start":{"line":70,"column":12},"end":{"line":70,"column":12},"skip":true}]},"8":{"line":70,"type":"binary-expr","locations":[{"start":{"line":70,"column":16},"end":{"line":70,"column":22},"skip":true},{"start":{"line":70,"column":27},"end":{"line":70,"column":32},"skip":true},{"start":{"line":71,"column":20},"end":{"line":71,"column":39},"skip":true},{"start":{"line":72,"column":20},"end":{"line":72,"column":49},"skip":true},{"start":{"line":73,"column":20},"end":{"line":73,"column":58},"skip":true},{"start":{"line":74,"column":20},"end":{"line":74,"column":69},"skip":true}]},"9":{"line":79,"type":"switch","locations":[{"start":{"line":80,"column":20},"end":{"line":80,"column":33},"skip":true},{"start":{"line":81,"column":20},"end":{"line":83,"column":30},"skip":true},{"start":{"line":84,"column":20},"end":{"line":85,"column":49},"skip":true}]},"10":{"line":89,"type":"switch","locations":[{"start":{"line":90,"column":12},"end":{"line":103,"column":22},"skip":true},{"start":{"line":105,"column":12},"end":{"line":106,"column":22},"skip":true}]},"11":{"line":89,"type":"binary-expr","locations":[{"start":{"line":89,"column":20},"end":{"line":89,"column":25},"skip":true},{"start":{"line":89,"column":29},"end":{"line":89,"column":48},"skip":true},{"start":{"line":89,"column":52},"end":{"line":89,"column":74},"skip":true}]},"12":{"line":92,"type":"if","locations":[{"start":{"line":92,"column":16},"end":{"line":92,"column":16},"skip":true},{"start":{"line":92,"column":16},"end":{"line":92,"column":16},"skip":true}]},"13":{"line":108,"type":"if","locations":[{"start":{"line":108,"column":12},"end":{"line":108,"column":12},"skip":true},{"start":{"line":108,"column":12},"end":{"line":108,"column":12},"skip":true}]},"14":{"line":108,"type":"binary-expr","locations":[{"start":{"line":108,"column":16},"end":{"line":108,"column":61},"skip":true},{"start":{"line":108,"column":66},"end":{"line":108,"column":72},"skip":true},{"start":{"line":108,"column":77},"end":{"line":108,"column":82},"skip":true},{"start":{"line":109,"column":20},"end":{"line":109,"column":39},"skip":true},{"start":{"line":110,"column":20},"end":{"line":110,"column":49},"skip":true},{"start":{"line":111,"column":20},"end":{"line":111,"column":58},"skip":true},{"start":{"line":112,"column":20},"end":{"line":112,"column":68},"skip":true}]},"15":{"line":129,"type":"if","locations":[{"start":{"line":129,"column":16},"end":{"line":129,"column":16},"skip":true},{"start":{"line":129,"column":16},"end":{"line":129,"column":16},"skip":true}]},"16":{"line":134,"type":"cond-expr","locations":[{"start":{"line":135,"column":26},"end":{"line":135,"column":29},"skip":true},{"start":{"line":136,"column":26},"end":{"line":136,"column":54},"skip":true}]},"17":{"line":164,"type":"binary-expr","locations":[{"start":{"line":164,"column":27},"end":{"line":164,"column":43},"skip":true},{"start":{"line":164,"column":47},"end":{"line":164,"column":49},"skip":true}]},"18":{"line":258,"type":"if","locations":[{"start":{"line":258,"column":8},"end":{"line":258,"column":8},"skip":true},{"start":{"line":258,"column":8},"end":{"line":258,"column":8},"skip":true}]},"19":{"line":275,"type":"switch","locations":[{"start":{"line":276,"column":20},"end":{"line":277,"column":64},"skip":true},{"start":{"line":278,"column":20},"end":{"line":279,"column":40},"skip":true},{"start":{"line":280,"column":20},"end":{"line":281,"column":40},"skip":true},{"start":{"line":282,"column":20},"end":{"line":283,"column":39},"skip":true}]},"20":{"line":288,"type":"if","locations":[{"start":{"line":288,"column":8},"end":{"line":288,"column":8},"skip":true},{"start":{"line":288,"column":8},"end":{"line":288,"column":8},"skip":true}]},"21":{"line":288,"type":"binary-expr","locations":[{"start":{"line":288,"column":12},"end":{"line":288,"column":40},"skip":true},{"start":{"line":288,"column":44},"end":{"line":288,"column":67},"skip":true}]},"22":{"line":292,"type":"binary-expr","locations":[{"start":{"line":292,"column":12},"end":{"line":292,"column":50},"skip":true},{"start":{"line":293,"column":12},"end":{"line":293,"column":53},"skip":true}]},"23":{"line":297,"type":"binary-expr","locations":[{"start":{"line":297,"column":12},"end":{"line":297,"column":80},"skip":true},{"start":{"line":298,"column":12},"end":{"line":301,"column":36},"skip":true}]},"24":{"line":303,"type":"binary-expr","locations":[{"start":{"line":303,"column":43},"end":{"line":303,"column":75},"skip":true},{"start":{"line":303,"column":79},"end":{"line":303,"column":81},"skip":true}]},"25":{"line":306,"type":"if","locations":[{"start":{"line":306,"column":8},"end":{"line":306,"column":8},"skip":true},{"start":{"line":306,"column":8},"end":{"line":306,"column":8},"skip":true}]},"26":{"line":310,"type":"if","locations":[{"start":{"line":310,"column":8},"end":{"line":310,"column":8},"skip":true},{"start":{"line":310,"column":8},"end":{"line":310,"column":8},"skip":true}]},"27":{"line":313,"type":"binary-expr","locations":[{"start":{"line":313,"column":27},"end":{"line":313,"column":43},"skip":true},{"start":{"line":313,"column":47},"end":{"line":313,"column":53},"skip":true}]},"28":{"line":317,"type":"if","locations":[{"start":{"line":317,"column":12},"end":{"line":317,"column":12},"skip":true},{"start":{"line":317,"column":12},"end":{"line":317,"column":12},"skip":true}]}},"code":["/*","example.js","","quickstart example","","instruction","    1. save this script as example.js","    2. run the shell command:","        $ npm install npmtest-passport-openidconnect && PORT=8081 node example.js","    3. play with the browser-demo on http://127.0.0.1:8081","*/","","","","/* istanbul instrument in package npmtest_passport_openidconnect */","/*jslint","    bitwise: true,","    browser: true,","    maxerr: 8,","    maxlen: 96,","    node: true,","    nomen: true,","    regexp: true,","    stupid: true","*/","(function () {","    'use strict';","    var local;","","","","    // run shared js-env code - pre-init","    (function () {","        // init local","        local = {};","        // init modeJs","        local.modeJs = (function () {","            try {","                return typeof navigator.userAgent === 'string' &&","                    typeof document.querySelector('body') === 'object' &&","                    typeof XMLHttpRequest.prototype.open === 'function' &&","                    'browser';","            } catch (errorCaughtBrowser) {","                return module.exports &&","                    typeof process.versions.node === 'string' &&","                    typeof require('http').createServer === 'function' &&","                    'node';","            }","        }());","        // init global","        local.global = local.modeJs === 'browser'","            ? window","            : global;","        // init utility2_rollup","        local = local.global.utility2_rollup || (local.modeJs === 'browser'","            ? local.global.utility2_npmtest_passport_openidconnect","            : global.utility2_moduleExports);","        // export local","        local.global.local = local;","    }());","    switch (local.modeJs) {","","","","    // post-init","    // run browser js-env code - post-init","    /* istanbul ignore next */","    case 'browser':","        local.testRunBrowser = function (event) {","            if (!event || (event &&","                    event.currentTarget &&","                    event.currentTarget.className &&","                    event.currentTarget.className.includes &&","                    event.currentTarget.className.includes('onreset'))) {","                // reset output","                Array.from(","                    document.querySelectorAll('body > .resettable')","                ).forEach(function (element) {","                    switch (element.tagName) {","                    case 'INPUT':","                    case 'TEXTAREA':","                        element.value = '';","                        break;","                    default:","                        element.textContent = '';","                    }","                });","            }","            switch (event && event.currentTarget && event.currentTarget.id) {","            case 'testRunButton1':","                // show tests","                if (document.querySelector('#testReportDiv1').style.display === 'none') {","                    document.querySelector('#testReportDiv1').style.display = 'block';","                    document.querySelector('#testRunButton1').textContent =","                        'hide internal test';","                    local.modeTest = true;","                    local.testRunDefault(local);","                // hide tests","                } else {","                    document.querySelector('#testReportDiv1').style.display = 'none';","                    document.querySelector('#testRunButton1').textContent = 'run internal test';","                }","                break;","            // custom-case","            default:","                break;","            }","            if (document.querySelector('#inputTextareaEval1') && (!event || (event &&","                    event.currentTarget &&","                    event.currentTarget.className &&","                    event.currentTarget.className.includes &&","                    event.currentTarget.className.includes('oneval')))) {","                // try to eval input-code","                try {","                    /*jslint evil: true*/","                    eval(document.querySelector('#inputTextareaEval1').value);","                } catch (errorCaught) {","                    console.error(errorCaught);","                }","            }","        };","        // log stderr and stdout to #outputTextareaStdout1","        ['error', 'log'].forEach(function (key) {","            console[key + '_original'] = console[key];","            console[key] = function () {","                var element;","                console[key + '_original'].apply(console, arguments);","                element = document.querySelector('#outputTextareaStdout1');","                if (!element) {","                    return;","                }","                // append text to #outputTextareaStdout1","                element.value += Array.from(arguments).map(function (arg) {","                    return typeof arg === 'string'","                        ? arg","                        : JSON.stringify(arg, null, 4);","                }).join(' ') + '\\n';","                // scroll textarea to bottom","                element.scrollTop = element.scrollHeight;","            };","        });","        // init event-handling","        ['change', 'click', 'keyup'].forEach(function (event) {","            Array.from(document.querySelectorAll('.on' + event)).forEach(function (element) {","                element.addEventListener(event, local.testRunBrowser);","            });","        });","        // run tests","        local.testRunBrowser();","        break;","","","","    // run node js-env code - post-init","    /* istanbul ignore next */","    case 'node':","        // export local","        module.exports = local;","        // require modules","        local.fs = require('fs');","        local.http = require('http');","        local.url = require('url');","        // init assets","        local.assetsDict = local.assetsDict || {};","        /* jslint-ignore-begin */","        local.assetsDict['/assets.index.template.html'] = '\\","<!doctype html>\\n\\","<html lang=\"en\">\\n\\","<head>\\n\\","<meta charset=\"UTF-8\">\\n\\","<meta name=\"viewport\" content=\"width=device-width, initial-scale=1\">\\n\\","<title>{{env.npm_package_name}} (v{{env.npm_package_version}})</title>\\n\\","<style>\\n\\","/*csslint\\n\\","    box-sizing: false,\\n\\","    universal-selector: false\\n\\","*/\\n\\","* {\\n\\","    box-sizing: border-box;\\n\\","}\\n\\","body {\\n\\","    background: #dde;\\n\\","    font-family: Arial, Helvetica, sans-serif;\\n\\","    margin: 2rem;\\n\\","}\\n\\","body > * {\\n\\","    margin-bottom: 1rem;\\n\\","}\\n\\",".utility2FooterDiv {\\n\\","    margin-top: 20px;\\n\\","    text-align: center;\\n\\","}\\n\\","</style>\\n\\","<style>\\n\\","/*csslint\\n\\","*/\\n\\","textarea {\\n\\","    font-family: monospace;\\n\\","    height: 10rem;\\n\\","    width: 100%;\\n\\","}\\n\\","textarea[readonly] {\\n\\","    background: #ddd;\\n\\","}\\n\\","</style>\\n\\","</head>\\n\\","<body>\\n\\","<!-- utility2-comment\\n\\","<div id=\"ajaxProgressDiv1\" style=\"background: #d00; height: 2px; left: 0; margin: 0; padding: 0; position: fixed; top: 0; transition: background 0.5s, width 1.5s; width: 25%;\"></div>\\n\\","utility2-comment -->\\n\\","<h1>\\n\\","<!-- utility2-comment\\n\\","    <a\\n\\","        {{#if env.npm_package_homepage}}\\n\\","        href=\"{{env.npm_package_homepage}}\"\\n\\","        {{/if env.npm_package_homepage}}\\n\\","        target=\"_blank\"\\n\\","    >\\n\\","utility2-comment -->\\n\\","        {{env.npm_package_name}} (v{{env.npm_package_version}})\\n\\","<!-- utility2-comment\\n\\","    </a>\\n\\","utility2-comment -->\\n\\","</h1>\\n\\","<h3>{{env.npm_package_description}}</h3>\\n\\","<!-- utility2-comment\\n\\","<h4><a download href=\"assets.app.js\">download standalone app</a></h4>\\n\\","<button class=\"onclick onreset\" id=\"testRunButton1\">run internal test</button><br>\\n\\","<div id=\"testReportDiv1\" style=\"display: none;\"></div>\\n\\","utility2-comment -->\\n\\","\\n\\","\\n\\","\\n\\","<label>stderr and stdout</label>\\n\\","<textarea class=\"resettable\" id=\"outputTextareaStdout1\" readonly></textarea>\\n\\","<!-- utility2-comment\\n\\","{{#if isRollup}}\\n\\","<script src=\"assets.app.js\"></script>\\n\\","{{#unless isRollup}}\\n\\","utility2-comment -->\\n\\","<script src=\"assets.utility2.rollup.js\"></script>\\n\\","<script src=\"jsonp.utility2._stateInit?callback=window.utility2._stateInit\"></script>\\n\\","<script src=\"assets.npmtest_passport_openidconnect.rollup.js\"></script>\\n\\","<script src=\"assets.example.js\"></script>\\n\\","<script src=\"assets.test.js\"></script>\\n\\","<!-- utility2-comment\\n\\","{{/if isRollup}}\\n\\","utility2-comment -->\\n\\","<div class=\"utility2FooterDiv\">\\n\\","    [ this app was created with\\n\\","    <a href=\"https://github.com/kaizhu256/node-utility2\" target=\"_blank\">utility2</a>\\n\\","    ]\\n\\","</div>\\n\\","</body>\\n\\","</html>\\n\\","';","        /* jslint-ignore-end */","        if (local.templateRender) {","            local.assetsDict['/'] = local.templateRender(","                local.assetsDict['/assets.index.template.html'],","                {","                    env: local.objectSetDefault(local.env, {","                        npm_package_description: 'the greatest app in the world!',","                        npm_package_name: 'my-app',","                        npm_package_nameAlias: 'my_app',","                        npm_package_version: '0.0.1'","                    })","                }","            );","        } else {","            local.assetsDict['/'] = local.assetsDict['/assets.index.template.html']","                .replace((/\\{\\{env\\.(\\w+?)\\}\\}/g), function (match0, match1) {","                    // jslint-hack","                    String(match0);","                    switch (match1) {","                    case 'npm_package_description':","                        return 'the greatest app in the world!';","                    case 'npm_package_name':","                        return 'my-app';","                    case 'npm_package_nameAlias':","                        return 'my_app';","                    case 'npm_package_version':","                        return '0.0.1';","                    }","                });","        }","        // run the cli","        if (local.global.utility2_rollup || module !== require.main) {","            break;","        }","        local.assetsDict['/assets.example.js'] =","            local.assetsDict['/assets.example.js'] ||","            local.fs.readFileSync(__filename, 'utf8');","        // bug-workaround - long $npm_package_buildCustomOrg","        /* jslint-ignore-begin */","        local.assetsDict['/assets.npmtest_passport_openidconnect.rollup.js'] =","            local.assetsDict['/assets.npmtest_passport_openidconnect.rollup.js'] ||","            local.fs.readFileSync(","                local.npmtest_passport_openidconnect.__dirname + '/lib.npmtest_passport_openidconnect.js',","                'utf8'","            ).replace((/^#!/), '//');","        /* jslint-ignore-end */","        local.assetsDict['/favicon.ico'] = local.assetsDict['/favicon.ico'] || '';","        // if $npm_config_timeout_exit exists,","        // then exit this process after $npm_config_timeout_exit ms","        if (Number(process.env.npm_config_timeout_exit)) {","            setTimeout(process.exit, Number(process.env.npm_config_timeout_exit));","        }","        // start server","        if (local.global.utility2_serverHttp1) {","            break;","        }","        process.env.PORT = process.env.PORT || '8081';","        console.error('server starting on port ' + process.env.PORT);","        local.http.createServer(function (request, response) {","            request.urlParsed = local.url.parse(request.url);","            if (local.assetsDict[request.urlParsed.pathname] !== undefined) {","                response.end(local.assetsDict[request.urlParsed.pathname]);","                return;","            }","            response.statusCode = 404;","            response.end();","        }).listen(process.env.PORT);","        break;","    }","}());",""],"l":{"26":2,"28":2,"33":2,"35":2,"37":2,"38":2,"39":2,"44":1,"51":2,"55":2,"59":2,"61":2,"69":1,"70":2,"76":2,"79":2,"82":2,"83":2,"85":1,"89":2,"92":1,"93":1,"94":1,"96":1,"97":1,"100":1,"101":1,"103":1,"106":1,"108":2,"114":1,"116":1,"118":1,"123":1,"124":2,"125":2,"126":3,"127":3,"128":3,"129":3,"130":1,"133":3,"134":3,"139":3,"143":1,"144":3,"145":1,"149":1,"150":1,"158":1,"160":1,"161":1,"162":1,"164":1,"166":1,"258":1,"259":1,"271":1,"274":6,"275":6,"277":1,"279":2,"281":1,"283":2,"288":1,"289":1,"291":1,"296":1,"303":1,"306":1,"307":1,"310":1,"311":1,"313":1,"314":1,"315":1,"316":1,"317":1,"318":1,"319":1,"321":1,"322":1,"324":1}},"/home/travis/build/npmtest/node-npmtest-passport-openidconnect/node_modules/passport-openidconnect/lib/index.js":{"path":"/home/travis/build/npmtest/node-npmtest-passport-openidconnect/node_modules/passport-openidconnect/lib/index.js","s":{"1":1,"2":1,"3":1},"b":{},"f":{},"fnMap":{},"statementMap":{"1":{"start":{"line":2,"column":0},"end":{"line":2,"column":37}},"2":{"start":{"line":6,"column":0},"end":{"line":6,"column":36}},"3":{"start":{"line":9,"column":0},"end":{"line":9,"column":28}}},"branchMap":{},"code":["// Load modules.","var Strategy = require('./strategy');","","","// Expose Strategy.","exports = module.exports = Strategy;","","// Exports.","exports.Strategy = Strategy;",""],"l":{"2":1,"6":1,"9":1}},"/home/travis/build/npmtest/node-npmtest-passport-openidconnect/node_modules/passport-openidconnect/lib/strategy.js":{"path":"/home/travis/build/npmtest/node-npmtest-passport-openidconnect/node_modules/passport-openidconnect/lib/strategy.js","s":{"1":1,"2":1,"3":0,"4":0,"5":0,"6":0,"7":0,"8":0,"9":0,"10":0,"11":0,"12":0,"13":0,"14":0,"15":0,"16":0,"17":1,"18":1,"19":0,"20":0,"21":0,"22":0,"23":0,"24":0,"25":0,"26":1,"27":0,"28":0,"29":0,"30":0,"31":0,"32":0,"33":0,"34":0,"35":0,"36":0,"37":0,"38":0,"39":0,"40":0,"41":0,"42":0,"43":0,"44":0,"45":0,"46":0,"47":0,"48":0,"49":0,"50":0,"51":0,"52":0,"53":0,"54":0,"55":0,"56":0,"57":0,"58":0,"59":0,"60":0,"61":0,"62":0,"63":0,"64":0,"65":0,"66":0,"67":0,"68":0,"69":0,"70":0,"71":0,"72":0,"73":0,"74":0,"75":0,"76":0,"77":0,"78":0,"79":0,"80":0,"81":0,"82":0,"83":0,"84":0,"85":0,"86":0,"87":0,"88":0,"89":0,"90":0,"91":0,"92":0,"93":0,"94":0,"95":0,"96":0,"97":1,"98":1,"99":0,"100":0,"101":0,"102":0,"103":0,"104":0,"105":0,"106":0,"107":0,"108":0,"109":0,"110":0,"111":0,"112":0,"113":0,"114":0,"115":0,"116":0,"117":0,"118":0,"119":0,"120":0,"121":0,"122":0,"123":0,"124":0,"125":0,"126":0,"127":0,"128":0,"129":0,"130":0,"131":0,"132":0,"133":0,"134":0,"135":0,"136":0,"137":0,"138":0,"139":0,"140":0,"141":0,"142":0,"143":0,"144":0,"145":0,"146":0,"147":0,"148":0,"149":0,"150":0,"151":0,"152":0,"153":0,"154":0,"155":0,"156":0,"157":0,"158":0,"159":0,"160":0,"161":0,"162":0,"163":0,"164":0,"165":0,"166":0,"167":0,"168":0,"169":0,"170":0,"171":0,"172":0,"173":0,"174":0,"175":0,"176":0,"177":0,"178":1,"179":0,"180":0,"181":0,"182":0,"183":0,"184":0,"185":0,"186":0,"187":0,"188":0,"189":0,"190":0,"191":0,"192":1,"193":0,"194":1,"195":0,"196":1,"197":0,"198":0,"199":0,"200":0,"201":0,"202":0,"203":0,"204":0,"205":0,"206":0,"207":0,"208":1,"209":0,"210":1},"b":{"1":[0,0],"2":[0,0],"3":[0,0],"4":[0,0],"5":[0,0],"6":[0,0],"7":[0,0],"8":[0,0],"9":[0,0],"10":[0,0],"11":[0,0],"12":[0,0],"13":[0,0],"14":[0,0],"15":[0,0],"16":[0,0],"17":[0,0],"18":[0,0],"19":[0,0],"20":[0,0],"21":[0,0],"22":[0,0],"23":[0,0],"24":[0,0],"25":[0,0],"26":[0,0],"27":[0,0],"28":[0,0],"29":[0,0],"30":[0,0,0],"31":[0,0],"32":[0,0,0],"33":[0,0],"34":[0,0],"35":[0,0],"36":[0,0],"37":[0,0],"38":[0,0],"39":[0,0],"40":[0,0],"41":[0,0],"42":[0,0],"43":[0,0],"44":[0,0],"45":[0,0],"46":[0,0],"47":[0,0],"48":[0,0],"49":[0,0],"50":[0,0],"51":[0,0],"52":[0,0],"53":[0,0],"54":[0,0],"55":[0,0],"56":[0,0],"57":[0,0],"58":[0,0],"59":[0,0],"60":[0,0],"61":[0,0],"62":[0,0],"63":[0,0],"64":[0,0],"65":[0,0],"66":[0,0],"67":[0,0],"68":[0,0],"69":[0,0],"70":[0,0],"71":[0,0],"72":[0,0],"73":[0,0],"74":[0,0],"75":[0,0],"76":[0,0],"77":[0,0],"78":[0,0],"79":[0,0],"80":[0,0],"81":[0,0],"82":[0,0],"83":[0,0]},"f":{"1":0,"2":0,"3":0,"4":0,"5":0,"6":0,"7":0,"8":0,"9":0,"10":0,"11":0,"12":0,"13":0,"14":0,"15":0,"16":0},"fnMap":{"1":{"name":"Strategy","line":26,"loc":{"start":{"line":26,"column":0},"end":{"line":26,"column":35}}},"2":{"name":"(anonymous_2)","line":66,"loc":{"start":{"line":66,"column":34},"end":{"line":66,"column":57}}},"3":{"name":"loaded","line":80,"loc":{"start":{"line":80,"column":4},"end":{"line":80,"column":36}}},"4":{"name":"(anonymous_4)","line":92,"loc":{"start":{"line":92,"column":104},"end":{"line":92,"column":153}}},"5":{"name":"(anonymous_5)","line":109,"loc":{"start":{"line":109,"column":66},"end":{"line":109,"column":82}}},"6":{"name":"(anonymous_6)","line":156,"loc":{"start":{"line":156,"column":46},"end":{"line":156,"column":66}}},"7":{"name":"(anonymous_7)","line":177,"loc":{"start":{"line":177,"column":136},"end":{"line":177,"column":162}}},"8":{"name":"onProfileLoaded","line":210,"loc":{"start":{"line":210,"column":10},"end":{"line":210,"column":44}}},"9":{"name":"verified","line":211,"loc":{"start":{"line":211,"column":12},"end":{"line":211,"column":47}}},"10":{"name":"(anonymous_10)","line":274,"loc":{"start":{"line":274,"column":28},"end":{"line":274,"column":50}}},"11":{"name":"stored","line":324,"loc":{"start":{"line":324,"column":6},"end":{"line":324,"column":34}}},"12":{"name":"(anonymous_12)","line":369,"loc":{"start":{"line":369,"column":31},"end":{"line":369,"column":58}}},"13":{"name":"(anonymous_13)","line":387,"loc":{"start":{"line":387,"column":41},"end":{"line":387,"column":59}}},"14":{"name":"(anonymous_14)","line":399,"loc":{"start":{"line":399,"column":44},"end":{"line":399,"column":76}}},"15":{"name":"(anonymous_15)","line":402,"loc":{"start":{"line":402,"column":43},"end":{"line":402,"column":63}}},"16":{"name":"(anonymous_16)","line":414,"loc":{"start":{"line":414,"column":38},"end":{"line":414,"column":56}}}},"statementMap":{"1":{"start":{"line":4,"column":0},"end":{"line":13,"column":64}},"2":{"start":{"line":26,"column":0},"end":{"line":51,"column":1}},"3":{"start":{"line":27,"column":2},"end":{"line":27,"column":26}},"4":{"start":{"line":28,"column":2},"end":{"line":28,"column":31}},"5":{"start":{"line":29,"column":2},"end":{"line":29,"column":30}},"6":{"start":{"line":30,"column":2},"end":{"line":30,"column":24}},"7":{"start":{"line":33,"column":2},"end":{"line":33,"column":73}},"8":{"start":{"line":34,"column":2},"end":{"line":34,"column":30}},"9":{"start":{"line":35,"column":2},"end":{"line":35,"column":54}},"10":{"start":{"line":36,"column":2},"end":{"line":36,"column":100}},"11":{"start":{"line":38,"column":2},"end":{"line":38,"column":26}},"12":{"start":{"line":40,"column":2},"end":{"line":40,"column":101}},"13":{"start":{"line":41,"column":2},"end":{"line":41,"column":80}},"14":{"start":{"line":43,"column":2},"end":{"line":50,"column":3}},"15":{"start":{"line":46,"column":4},"end":{"line":46,"column":55}},"16":{"start":{"line":49,"column":4},"end":{"line":49,"column":56}},"17":{"start":{"line":56,"column":0},"end":{"line":56,"column":43}},"18":{"start":{"line":66,"column":0},"end":{"line":345,"column":1}},"19":{"start":{"line":67,"column":2},"end":{"line":67,"column":26}},"20":{"start":{"line":68,"column":2},"end":{"line":68,"column":18}},"21":{"start":{"line":70,"column":2},"end":{"line":76,"column":3}},"22":{"start":{"line":71,"column":4},"end":{"line":75,"column":5}},"23":{"start":{"line":72,"column":6},"end":{"line":72,"column":65}},"24":{"start":{"line":74,"column":6},"end":{"line":74,"column":115}},"25":{"start":{"line":78,"column":2},"end":{"line":344,"column":3}},"26":{"start":{"line":80,"column":4},"end":{"line":250,"column":5}},"27":{"start":{"line":81,"column":6},"end":{"line":81,"column":42}},"28":{"start":{"line":81,"column":17},"end":{"line":81,"column":40}},"29":{"start":{"line":82,"column":6},"end":{"line":84,"column":7}},"30":{"start":{"line":83,"column":8},"end":{"line":83,"column":37}},"31":{"start":{"line":85,"column":6},"end":{"line":85,"column":32}},"32":{"start":{"line":87,"column":6},"end":{"line":87,"column":23}},"33":{"start":{"line":88,"column":6},"end":{"line":88,"column":41}},"34":{"start":{"line":90,"column":6},"end":{"line":90,"column":47}},"35":{"start":{"line":92,"column":6},"end":{"line":249,"column":9}},"36":{"start":{"line":93,"column":8},"end":{"line":93,"column":101}},"37":{"start":{"line":93,"column":19},"end":{"line":93,"column":99}},"38":{"start":{"line":95,"column":8},"end":{"line":95,"column":41}},"39":{"start":{"line":96,"column":8},"end":{"line":96,"column":97}},"40":{"start":{"line":96,"column":24},"end":{"line":96,"column":95}},"41":{"start":{"line":98,"column":8},"end":{"line":100,"column":22}},"42":{"start":{"line":102,"column":8},"end":{"line":107,"column":9}},"43":{"start":{"line":103,"column":10},"end":{"line":103,"column":77}},"44":{"start":{"line":104,"column":10},"end":{"line":104,"column":47}},"45":{"start":{"line":106,"column":10},"end":{"line":106,"column":32}},"46":{"start":{"line":109,"column":8},"end":{"line":109,"column":113}},"47":{"start":{"line":109,"column":84},"end":{"line":109,"column":109}},"48":{"start":{"line":110,"column":8},"end":{"line":110,"column":126}},"49":{"start":{"line":110,"column":28},"end":{"line":110,"column":126}},"50":{"start":{"line":113,"column":8},"end":{"line":114,"column":130}},"51":{"start":{"line":113,"column":43},"end":{"line":114,"column":130}},"52":{"start":{"line":117,"column":8},"end":{"line":126,"column":9}},"53":{"start":{"line":118,"column":10},"end":{"line":119,"column":126}},"54":{"start":{"line":118,"column":47},"end":{"line":119,"column":126}},"55":{"start":{"line":120,"column":15},"end":{"line":126,"column":9}},"56":{"start":{"line":121,"column":10},"end":{"line":122,"column":148}},"57":{"start":{"line":121,"column":59},"end":{"line":122,"column":148}},"58":{"start":{"line":123,"column":10},"end":{"line":123,"column":133}},"59":{"start":{"line":123,"column":54},"end":{"line":123,"column":133}},"60":{"start":{"line":125,"column":10},"end":{"line":125,"column":69}},"61":{"start":{"line":129,"column":8},"end":{"line":130,"column":149}},"62":{"start":{"line":129,"column":62},"end":{"line":130,"column":149}},"63":{"start":{"line":134,"column":8},"end":{"line":134,"column":102}},"64":{"start":{"line":134,"column":49},"end":{"line":134,"column":102}},"65":{"start":{"line":139,"column":8},"end":{"line":141,"column":9}},"66":{"start":{"line":140,"column":10},"end":{"line":140,"column":88}},"67":{"start":{"line":143,"column":8},"end":{"line":145,"column":9}},"68":{"start":{"line":144,"column":10},"end":{"line":144,"column":68}},"69":{"start":{"line":147,"column":8},"end":{"line":147,"column":32}},"70":{"start":{"line":148,"column":8},"end":{"line":148,"column":32}},"71":{"start":{"line":152,"column":8},"end":{"line":154,"column":9}},"72":{"start":{"line":153,"column":10},"end":{"line":153,"column":34}},"73":{"start":{"line":156,"column":8},"end":{"line":248,"column":11}},"74":{"start":{"line":157,"column":10},"end":{"line":157,"column":46}},"75":{"start":{"line":157,"column":21},"end":{"line":157,"column":44}},"76":{"start":{"line":159,"column":10},"end":{"line":208,"column":11}},"77":{"start":{"line":160,"column":12},"end":{"line":160,"column":59}},"78":{"start":{"line":161,"column":12},"end":{"line":161,"column":46}},"79":{"start":{"line":162,"column":12},"end":{"line":162,"column":33}},"80":{"start":{"line":163,"column":12},"end":{"line":163,"column":49}},"81":{"start":{"line":177,"column":12},"end":{"line":205,"column":15}},"82":{"start":{"line":178,"column":14},"end":{"line":178,"column":106}},"83":{"start":{"line":178,"column":25},"end":{"line":178,"column":104}},"84":{"start":{"line":180,"column":14},"end":{"line":180,"column":31}},"85":{"start":{"line":182,"column":14},"end":{"line":204,"column":15}},"86":{"start":{"line":183,"column":16},"end":{"line":183,"column":44}},"87":{"start":{"line":185,"column":16},"end":{"line":185,"column":38}},"88":{"start":{"line":189,"column":16},"end":{"line":191,"column":17}},"89":{"start":{"line":190,"column":18},"end":{"line":190,"column":44}},"90":{"start":{"line":193,"column":16},"end":{"line":193,"column":48}},"91":{"start":{"line":194,"column":16},"end":{"line":196,"column":64}},"92":{"start":{"line":198,"column":16},"end":{"line":198,"column":36}},"93":{"start":{"line":199,"column":16},"end":{"line":199,"column":37}},"94":{"start":{"line":201,"column":16},"end":{"line":201,"column":41}},"95":{"start":{"line":203,"column":16},"end":{"line":203,"column":38}},"96":{"start":{"line":207,"column":12},"end":{"line":207,"column":30}},"97":{"start":{"line":210,"column":10},"end":{"line":247,"column":11}},"98":{"start":{"line":211,"column":12},"end":{"line":218,"column":13}},"99":{"start":{"line":212,"column":14},"end":{"line":212,"column":50}},"100":{"start":{"line":212,"column":25},"end":{"line":212,"column":48}},"101":{"start":{"line":213,"column":14},"end":{"line":213,"column":52}},"102":{"start":{"line":213,"column":27},"end":{"line":213,"column":50}},"103":{"start":{"line":215,"column":14},"end":{"line":215,"column":32}},"104":{"start":{"line":216,"column":14},"end":{"line":216,"column":48}},"105":{"start":{"line":216,"column":27},"end":{"line":216,"column":46}},"106":{"start":{"line":217,"column":14},"end":{"line":217,"column":39}},"107":{"start":{"line":220,"column":12},"end":{"line":246,"column":13}},"108":{"start":{"line":221,"column":14},"end":{"line":221,"column":46}},"109":{"start":{"line":222,"column":14},"end":{"line":232,"column":15}},"110":{"start":{"line":223,"column":16},"end":{"line":223,"column":109}},"111":{"start":{"line":224,"column":21},"end":{"line":232,"column":15}},"112":{"start":{"line":225,"column":16},"end":{"line":225,"column":98}},"113":{"start":{"line":226,"column":21},"end":{"line":232,"column":15}},"114":{"start":{"line":227,"column":16},"end":{"line":227,"column":90}},"115":{"start":{"line":228,"column":21},"end":{"line":232,"column":15}},"116":{"start":{"line":229,"column":16},"end":{"line":229,"column":63}},"117":{"start":{"line":231,"column":16},"end":{"line":231,"column":54}},"118":{"start":{"line":234,"column":14},"end":{"line":234,"column":46}},"119":{"start":{"line":235,"column":14},"end":{"line":245,"column":15}},"120":{"start":{"line":236,"column":16},"end":{"line":236,"column":104}},"121":{"start":{"line":237,"column":21},"end":{"line":245,"column":15}},"122":{"start":{"line":238,"column":16},"end":{"line":238,"column":93}},"123":{"start":{"line":239,"column":21},"end":{"line":245,"column":15}},"124":{"start":{"line":240,"column":16},"end":{"line":240,"column":85}},"125":{"start":{"line":241,"column":21},"end":{"line":245,"column":15}},"126":{"start":{"line":242,"column":16},"end":{"line":242,"column":58}},"127":{"start":{"line":244,"column":16},"end":{"line":244,"column":49}},"128":{"start":{"line":252,"column":4},"end":{"line":252,"column":32}},"129":{"start":{"line":253,"column":4},"end":{"line":257,"column":5}},"130":{"start":{"line":254,"column":6},"end":{"line":254,"column":50}},"131":{"start":{"line":256,"column":6},"end":{"line":256,"column":28}},"132":{"start":{"line":265,"column":4},"end":{"line":265,"column":19}},"133":{"start":{"line":266,"column":4},"end":{"line":270,"column":5}},"134":{"start":{"line":267,"column":6},"end":{"line":267,"column":51}},"135":{"start":{"line":268,"column":11},"end":{"line":270,"column":5}},"136":{"start":{"line":269,"column":6},"end":{"line":269,"column":52}},"137":{"start":{"line":274,"column":4},"end":{"line":343,"column":7}},"138":{"start":{"line":275,"column":6},"end":{"line":275,"column":42}},"139":{"start":{"line":275,"column":17},"end":{"line":275,"column":40}},"140":{"start":{"line":278,"column":6},"end":{"line":278,"column":24}},"141":{"start":{"line":280,"column":6},"end":{"line":280,"column":66}},"142":{"start":{"line":281,"column":6},"end":{"line":288,"column":7}},"143":{"start":{"line":282,"column":8},"end":{"line":282,"column":44}},"144":{"start":{"line":283,"column":8},"end":{"line":287,"column":9}},"145":{"start":{"line":286,"column":10},"end":{"line":286,"column":73}},"146":{"start":{"line":289,"column":6},"end":{"line":289,"column":37}},"147":{"start":{"line":291,"column":6},"end":{"line":291,"column":53}},"148":{"start":{"line":292,"column":6},"end":{"line":292,"column":39}},"149":{"start":{"line":293,"column":6},"end":{"line":293,"column":44}},"150":{"start":{"line":294,"column":6},"end":{"line":294,"column":61}},"151":{"start":{"line":294,"column":25},"end":{"line":294,"column":59}},"152":{"start":{"line":295,"column":6},"end":{"line":295,"column":47}},"153":{"start":{"line":296,"column":6},"end":{"line":296,"column":60}},"154":{"start":{"line":296,"column":34},"end":{"line":296,"column":58}},"155":{"start":{"line":297,"column":6},"end":{"line":301,"column":7}},"156":{"start":{"line":298,"column":8},"end":{"line":298,"column":41}},"157":{"start":{"line":300,"column":8},"end":{"line":300,"column":32}},"158":{"start":{"line":305,"column":6},"end":{"line":305,"column":105}},"159":{"start":{"line":306,"column":6},"end":{"line":306,"column":105}},"160":{"start":{"line":306,"column":44},"end":{"line":306,"column":63}},"161":{"start":{"line":306,"column":79},"end":{"line":306,"column":101}},"162":{"start":{"line":308,"column":6},"end":{"line":308,"column":126}},"163":{"start":{"line":308,"column":94},"end":{"line":308,"column":126}},"164":{"start":{"line":309,"column":6},"end":{"line":309,"column":135}},"165":{"start":{"line":309,"column":105},"end":{"line":309,"column":135}},"166":{"start":{"line":311,"column":6},"end":{"line":311,"column":94}},"167":{"start":{"line":311,"column":63},"end":{"line":311,"column":92}},"168":{"start":{"line":312,"column":6},"end":{"line":312,"column":103}},"169":{"start":{"line":312,"column":62},"end":{"line":312,"column":101}},"170":{"start":{"line":313,"column":6},"end":{"line":313,"column":92}},"171":{"start":{"line":313,"column":62},"end":{"line":313,"column":90}},"172":{"start":{"line":315,"column":6},"end":{"line":315,"column":73}},"173":{"start":{"line":315,"column":26},"end":{"line":315,"column":73}},"174":{"start":{"line":317,"column":6},"end":{"line":317,"column":27}},"175":{"start":{"line":318,"column":6},"end":{"line":320,"column":7}},"176":{"start":{"line":319,"column":8},"end":{"line":319,"column":44}},"177":{"start":{"line":319,"column":25},"end":{"line":319,"column":44}},"178":{"start":{"line":324,"column":6},"end":{"line":331,"column":7}},"179":{"start":{"line":325,"column":8},"end":{"line":325,"column":44}},"180":{"start":{"line":325,"column":19},"end":{"line":325,"column":42}},"181":{"start":{"line":326,"column":8},"end":{"line":326,"column":100}},"182":{"start":{"line":326,"column":22},"end":{"line":326,"column":98}},"183":{"start":{"line":328,"column":8},"end":{"line":328,"column":29}},"184":{"start":{"line":329,"column":8},"end":{"line":329,"column":85}},"185":{"start":{"line":330,"column":8},"end":{"line":330,"column":32}},"186":{"start":{"line":333,"column":6},"end":{"line":342,"column":7}},"187":{"start":{"line":334,"column":8},"end":{"line":334,"column":50}},"188":{"start":{"line":335,"column":8},"end":{"line":339,"column":9}},"189":{"start":{"line":336,"column":10},"end":{"line":336,"column":52}},"190":{"start":{"line":338,"column":10},"end":{"line":338,"column":46}},"191":{"start":{"line":341,"column":8},"end":{"line":341,"column":30}},"192":{"start":{"line":369,"column":0},"end":{"line":371,"column":1}},"193":{"start":{"line":370,"column":2},"end":{"line":370,"column":27}},"194":{"start":{"line":387,"column":0},"end":{"line":389,"column":1}},"195":{"start":{"line":388,"column":2},"end":{"line":388,"column":12}},"196":{"start":{"line":399,"column":0},"end":{"line":412,"column":1}},"197":{"start":{"line":400,"column":2},"end":{"line":411,"column":3}},"198":{"start":{"line":402,"column":4},"end":{"line":406,"column":7}},"199":{"start":{"line":403,"column":6},"end":{"line":403,"column":36}},"200":{"start":{"line":403,"column":17},"end":{"line":403,"column":34}},"201":{"start":{"line":404,"column":6},"end":{"line":404,"column":45}},"202":{"start":{"line":404,"column":19},"end":{"line":404,"column":43}},"203":{"start":{"line":405,"column":6},"end":{"line":405,"column":31}},"204":{"start":{"line":408,"column":4},"end":{"line":408,"column":125}},"205":{"start":{"line":409,"column":4},"end":{"line":409,"column":43}},"206":{"start":{"line":409,"column":17},"end":{"line":409,"column":41}},"207":{"start":{"line":410,"column":4},"end":{"line":410,"column":29}},"208":{"start":{"line":414,"column":0},"end":{"line":417,"column":1}},"209":{"start":{"line":415,"column":2},"end":{"line":416,"column":66}},"210":{"start":{"line":422,"column":0},"end":{"line":422,"column":26}}},"branchMap":{"1":{"line":27,"type":"binary-expr","locations":[{"start":{"line":27,"column":12},"end":{"line":27,"column":19}},{"start":{"line":27,"column":23},"end":{"line":27,"column":25}}]},"2":{"line":33,"type":"binary-expr","locations":[{"start":{"line":33,"column":26},"end":{"line":33,"column":49}},{"start":{"line":33,"column":53},"end":{"line":33,"column":72}}]},"3":{"line":36,"type":"cond-expr","locations":[{"start":{"line":36,"column":68},"end":{"line":36,"column":73}},{"start":{"line":36,"column":76},"end":{"line":36,"column":99}}]},"4":{"line":40,"type":"binary-expr","locations":[{"start":{"line":40,"column":14},"end":{"line":40,"column":32}},{"start":{"line":40,"column":37},"end":{"line":40,"column":99}}]},"5":{"line":41,"type":"binary-expr","locations":[{"start":{"line":41,"column":21},"end":{"line":41,"column":34}},{"start":{"line":41,"column":38},"end":{"line":41,"column":79}}]},"6":{"line":43,"type":"if","locations":[{"start":{"line":43,"column":2},"end":{"line":43,"column":2}},{"start":{"line":43,"column":2},"end":{"line":43,"column":2}}]},"7":{"line":43,"type":"binary-expr","locations":[{"start":{"line":43,"column":6},"end":{"line":43,"column":30}},{"start":{"line":43,"column":34},"end":{"line":43,"column":50}}]},"8":{"line":67,"type":"binary-expr","locations":[{"start":{"line":67,"column":12},"end":{"line":67,"column":19}},{"start":{"line":67,"column":23},"end":{"line":67,"column":25}}]},"9":{"line":70,"type":"if","locations":[{"start":{"line":70,"column":2},"end":{"line":70,"column":2}},{"start":{"line":70,"column":2},"end":{"line":70,"column":2}}]},"10":{"line":70,"type":"binary-expr","locations":[{"start":{"line":70,"column":6},"end":{"line":70,"column":15}},{"start":{"line":70,"column":19},"end":{"line":70,"column":34}}]},"11":{"line":71,"type":"if","locations":[{"start":{"line":71,"column":4},"end":{"line":71,"column":4}},{"start":{"line":71,"column":4},"end":{"line":71,"column":4}}]},"12":{"line":78,"type":"if","locations":[{"start":{"line":78,"column":2},"end":{"line":78,"column":2}},{"start":{"line":78,"column":2},"end":{"line":78,"column":2}}]},"13":{"line":78,"type":"binary-expr","locations":[{"start":{"line":78,"column":6},"end":{"line":78,"column":15}},{"start":{"line":78,"column":19},"end":{"line":78,"column":33}}]},"14":{"line":81,"type":"if","locations":[{"start":{"line":81,"column":6},"end":{"line":81,"column":6}},{"start":{"line":81,"column":6},"end":{"line":81,"column":6}}]},"15":{"line":82,"type":"if","locations":[{"start":{"line":82,"column":6},"end":{"line":82,"column":6}},{"start":{"line":82,"column":6},"end":{"line":82,"column":6}}]},"16":{"line":93,"type":"if","locations":[{"start":{"line":93,"column":8},"end":{"line":93,"column":8}},{"start":{"line":93,"column":8},"end":{"line":93,"column":8}}]},"17":{"line":96,"type":"if","locations":[{"start":{"line":96,"column":8},"end":{"line":96,"column":8}},{"start":{"line":96,"column":8},"end":{"line":96,"column":8}}]},"18":{"line":110,"type":"if","locations":[{"start":{"line":110,"column":8},"end":{"line":110,"column":8}},{"start":{"line":110,"column":8},"end":{"line":110,"column":8}}]},"19":{"line":113,"type":"if","locations":[{"start":{"line":113,"column":8},"end":{"line":113,"column":8}},{"start":{"line":113,"column":8},"end":{"line":113,"column":8}}]},"20":{"line":117,"type":"if","locations":[{"start":{"line":117,"column":8},"end":{"line":117,"column":8}},{"start":{"line":117,"column":8},"end":{"line":117,"column":8}}]},"21":{"line":118,"type":"if","locations":[{"start":{"line":118,"column":10},"end":{"line":118,"column":10}},{"start":{"line":118,"column":10},"end":{"line":118,"column":10}}]},"22":{"line":120,"type":"if","locations":[{"start":{"line":120,"column":15},"end":{"line":120,"column":15}},{"start":{"line":120,"column":15},"end":{"line":120,"column":15}}]},"23":{"line":121,"type":"if","locations":[{"start":{"line":121,"column":10},"end":{"line":121,"column":10}},{"start":{"line":121,"column":10},"end":{"line":121,"column":10}}]},"24":{"line":123,"type":"if","locations":[{"start":{"line":123,"column":10},"end":{"line":123,"column":10}},{"start":{"line":123,"column":10},"end":{"line":123,"column":10}}]},"25":{"line":123,"type":"binary-expr","locations":[{"start":{"line":123,"column":14},"end":{"line":123,"column":34}},{"start":{"line":123,"column":38},"end":{"line":123,"column":52}}]},"26":{"line":129,"type":"if","locations":[{"start":{"line":129,"column":8},"end":{"line":129,"column":8}},{"start":{"line":129,"column":8},"end":{"line":129,"column":8}}]},"27":{"line":129,"type":"binary-expr","locations":[{"start":{"line":129,"column":12},"end":{"line":129,"column":25}},{"start":{"line":129,"column":29},"end":{"line":129,"column":60}}]},"28":{"line":134,"type":"if","locations":[{"start":{"line":134,"column":8},"end":{"line":134,"column":8}},{"start":{"line":134,"column":8},"end":{"line":134,"column":8}}]},"29":{"line":139,"type":"if","locations":[{"start":{"line":139,"column":8},"end":{"line":139,"column":8}},{"start":{"line":139,"column":8},"end":{"line":139,"column":8}}]},"30":{"line":139,"type":"binary-expr","locations":[{"start":{"line":139,"column":12},"end":{"line":139,"column":31}},{"start":{"line":139,"column":36},"end":{"line":139,"column":56}},{"start":{"line":139,"column":61},"end":{"line":139,"column":121}}]},"31":{"line":143,"type":"if","locations":[{"start":{"line":143,"column":8},"end":{"line":143,"column":8}},{"start":{"line":143,"column":8},"end":{"line":143,"column":8}}]},"32":{"line":143,"type":"binary-expr","locations":[{"start":{"line":143,"column":12},"end":{"line":143,"column":29}},{"start":{"line":143,"column":34},"end":{"line":143,"column":50}},{"start":{"line":143,"column":54},"end":{"line":143,"column":91}}]},"33":{"line":152,"type":"if","locations":[{"start":{"line":152,"column":8},"end":{"line":152,"column":8}},{"start":{"line":152,"column":8},"end":{"line":152,"column":8}}]},"34":{"line":157,"type":"if","locations":[{"start":{"line":157,"column":10},"end":{"line":157,"column":10}},{"start":{"line":157,"column":10},"end":{"line":157,"column":10}}]},"35":{"line":159,"type":"if","locations":[{"start":{"line":159,"column":10},"end":{"line":159,"column":10}},{"start":{"line":159,"column":10},"end":{"line":159,"column":10}}]},"36":{"line":178,"type":"if","locations":[{"start":{"line":178,"column":14},"end":{"line":178,"column":14}},{"start":{"line":178,"column":14},"end":{"line":178,"column":14}}]},"37":{"line":189,"type":"if","locations":[{"start":{"line":189,"column":16},"end":{"line":189,"column":16}},{"start":{"line":189,"column":16},"end":{"line":189,"column":16}}]},"38":{"line":212,"type":"if","locations":[{"start":{"line":212,"column":14},"end":{"line":212,"column":14}},{"start":{"line":212,"column":14},"end":{"line":212,"column":14}}]},"39":{"line":213,"type":"if","locations":[{"start":{"line":213,"column":14},"end":{"line":213,"column":14}},{"start":{"line":213,"column":14},"end":{"line":213,"column":14}}]},"40":{"line":215,"type":"binary-expr","locations":[{"start":{"line":215,"column":21},"end":{"line":215,"column":25}},{"start":{"line":215,"column":29},"end":{"line":215,"column":31}}]},"41":{"line":216,"type":"if","locations":[{"start":{"line":216,"column":14},"end":{"line":216,"column":14}},{"start":{"line":216,"column":14},"end":{"line":216,"column":14}}]},"42":{"line":220,"type":"if","locations":[{"start":{"line":220,"column":12},"end":{"line":220,"column":12}},{"start":{"line":220,"column":12},"end":{"line":220,"column":12}}]},"43":{"line":222,"type":"if","locations":[{"start":{"line":222,"column":14},"end":{"line":222,"column":14}},{"start":{"line":222,"column":14},"end":{"line":222,"column":14}}]},"44":{"line":224,"type":"if","locations":[{"start":{"line":224,"column":21},"end":{"line":224,"column":21}},{"start":{"line":224,"column":21},"end":{"line":224,"column":21}}]},"45":{"line":226,"type":"if","locations":[{"start":{"line":226,"column":21},"end":{"line":226,"column":21}},{"start":{"line":226,"column":21},"end":{"line":226,"column":21}}]},"46":{"line":228,"type":"if","locations":[{"start":{"line":228,"column":21},"end":{"line":228,"column":21}},{"start":{"line":228,"column":21},"end":{"line":228,"column":21}}]},"47":{"line":235,"type":"if","locations":[{"start":{"line":235,"column":14},"end":{"line":235,"column":14}},{"start":{"line":235,"column":14},"end":{"line":235,"column":14}}]},"48":{"line":237,"type":"if","locations":[{"start":{"line":237,"column":21},"end":{"line":237,"column":21}},{"start":{"line":237,"column":21},"end":{"line":237,"column":21}}]},"49":{"line":239,"type":"if","locations":[{"start":{"line":239,"column":21},"end":{"line":239,"column":21}},{"start":{"line":239,"column":21},"end":{"line":239,"column":21}}]},"50":{"line":241,"type":"if","locations":[{"start":{"line":241,"column":21},"end":{"line":241,"column":21}},{"start":{"line":241,"column":21},"end":{"line":241,"column":21}}]},"51":{"line":266,"type":"if","locations":[{"start":{"line":266,"column":4},"end":{"line":266,"column":4}},{"start":{"line":266,"column":4},"end":{"line":266,"column":4}}]},"52":{"line":266,"type":"binary-expr","locations":[{"start":{"line":266,"column":8},"end":{"line":266,"column":16}},{"start":{"line":266,"column":20},"end":{"line":266,"column":51}}]},"53":{"line":268,"type":"if","locations":[{"start":{"line":268,"column":11},"end":{"line":268,"column":11}},{"start":{"line":268,"column":11},"end":{"line":268,"column":11}}]},"54":{"line":268,"type":"binary-expr","locations":[{"start":{"
[...]
},"end":{"line":96,"column":1}},"42":{"start":{"line":73,"column":2},"end":{"line":75,"column":3}},"43":{"start":{"line":74,"column":4},"end":{"line":74,"column":36}},"44":{"start":{"line":77,"column":2},"end":{"line":77,"column":26}},"45":{"start":{"line":78,"column":2},"end":{"line":95,"column":8}},"46":{"start":{"line":80,"column":4},"end":{"line":80,"column":52}},"47":{"start":{"line":80,"column":25},"end":{"line":80,"column":50}},"48":{"start":{"line":82,"column":4},"end":{"line":82,"column":25}},"49":{"start":{"line":83,"column":4},"end":{"line":88,"column":5}},"50":{"start":{"line":87,"column":6},"end":{"line":87,"column":41}},"51":{"start":{"line":90,"column":4},"end":{"line":94,"column":5}},"52":{"start":{"line":91,"column":6},"end":{"line":91,"column":59}},"53":{"start":{"line":91,"column":37},"end":{"line":91,"column":55}},"54":{"start":{"line":93,"column":6},"end":{"line":93,"column":22}},"55":{"start":{"line":98,"column":0},"end":{"line":119,"column":1}},"56":{"start":{"line":99,"column":2},"end":{"line":101,"column":3}},"57":{"start":{"line":100,"column":4},"end":{"line":100,"column":38}},"58":{"start":{"line":103,"column":2},"end":{"line":103,"column":26}},"59":{"start":{"line":104,"column":2},"end":{"line":118,"column":8}},"60":{"start":{"line":106,"column":4},"end":{"line":106,"column":52}},"61":{"start":{"line":106,"column":25},"end":{"line":106,"column":50}},"62":{"start":{"line":108,"column":4},"end":{"line":108,"column":25}},"63":{"start":{"line":109,"column":4},"end":{"line":111,"column":5}},"64":{"start":{"line":110,"column":6},"end":{"line":110,"column":80}},"65":{"start":{"line":113,"column":4},"end":{"line":117,"column":5}},"66":{"start":{"line":114,"column":6},"end":{"line":114,"column":61}},"67":{"start":{"line":114,"column":39},"end":{"line":114,"column":57}},"68":{"start":{"line":116,"column":6},"end":{"line":116,"column":22}}},"branchMap":{"1":{"line":8,"type":"if","locations":[{"start":{"line":8,"column":4},"end":{"line":8,"column":4}},{"start":{"line":8,"column":4},"end":{"line":8,"column":4}}]},"2":{"line":11,"type":"if","locations":[{"start":{"line":11,"column":6},"end":{"line":11,"column":6}},{"start":{"line":11,"column":6},"end":{"line":11,"column":6}}]},"3":{"line":16,"type":"if","locations":[{"start":{"line":16,"column":6},"end":{"line":16,"column":6}},{"start":{"line":16,"column":6},"end":{"line":16,"column":6}}]},"4":{"line":27,"type":"if","locations":[{"start":{"line":27,"column":10},"end":{"line":27,"column":10}},{"start":{"line":27,"column":10},"end":{"line":27,"column":10}}]},"5":{"line":44,"type":"if","locations":[{"start":{"line":44,"column":2},"end":{"line":44,"column":2}},{"start":{"line":44,"column":2},"end":{"line":44,"column":2}}]},"6":{"line":52,"type":"if","locations":[{"start":{"line":52,"column":4},"end":{"line":52,"column":4}},{"start":{"line":52,"column":4},"end":{"line":52,"column":4}}]},"7":{"line":57,"type":"if","locations":[{"start":{"line":57,"column":4},"end":{"line":57,"column":4}},{"start":{"line":57,"column":4},"end":{"line":57,"column":4}}]},"8":{"line":60,"type":"if","locations":[{"start":{"line":60,"column":4},"end":{"line":60,"column":4}},{"start":{"line":60,"column":4},"end":{"line":60,"column":4}}]},"9":{"line":73,"type":"if","locations":[{"start":{"line":73,"column":2},"end":{"line":73,"column":2}},{"start":{"line":73,"column":2},"end":{"line":73,"column":2}}]},"10":{"line":80,"type":"if","locations":[{"start":{"line":80,"column":4},"end":{"line":80,"column":4}},{"start":{"line":80,"column":4},"end":{"line":80,"column":4}}]},"11":{"line":80,"type":"binary-expr","locations":[{"start":{"line":80,"column":8},"end":{"line":80,"column":11}},{"start":{"line":80,"column":15},"end":{"line":80,"column":21}}]},"12":{"line":83,"type":"if","locations":[{"start":{"line":83,"column":4},"end":{"line":83,"column":4}},{"start":{"line":83,"column":4},"end":{"line":83,"column":4}}]},"13":{"line":99,"type":"if","locations":[{"start":{"line":99,"column":2},"end":{"line":99,"column":2}},{"start":{"line":99,"column":2},"end":{"line":99,"column":2}}]},"14":{"line":106,"type":"if","locations":[{"start":{"line":106,"column":4},"end":{"line":106,"column":4}},{"start":{"line":106,"column":4},"end":{"line":106,"column":4}}]},"15":{"line":106,"type":"binary-expr","locations":[{"start":{"line":106,"column":8},"end":{"line":106,"column":11}},{"start":{"line":106,"column":15},"end":{"line":106,"column":21}}]},"16":{"line":109,"type":"if","locations":[{"start":{"line":109,"column":4},"end":{"line":109,"column":4}},{"start":{"line":109,"column":4},"end":{"line":109,"column":4}}]}},"code":["var configuration = require('./configuration').configuration;","","exports = module.exports = function(identifier, done) {","  console.log('OpenID Discovery...');","  console.log('  identifer: ' + identifier);","  ","  exports.discovery(identifier, function(err, issuer) {","    if (err) { return done(err); }","    ","    exports.configuration(issuer, function(err, config) {","      if (err) { return done(err); };","      ","      console.log('CONFIG:');","      console.log(config);","      ","      if (config.clientID) {","        // If the configuration contains a client ID, setup is complete and","        // authentication can proceed.  Having a client ID means the relying","        // party has been registered with the provider, either via a manual","        // process or dynamically during a previous authentication attempt.","        return done(null, config);","      } else {","        // There's no client ID available, meaning the relying party is not","        // registered with the provider.  Attempt to dynamically register with","        // the provider and proceed if that is successful.","        exports.registration(config, function(err, reg) {","          if (err) { return done(err); };","          config.clientID = reg.clientID;","          config.clientSecret = reg.clientSecret;","          ","          return done(null, config);","        });","      }","    });","  });","}","","","var discoverers = [];","var configurers = [];","var registerers = [];","","exports.discovery = function(identifier, done) {","  if (typeof identifier === 'function') {","    return discoverers.push(identifier);","  }","","  var stack = discoverers;","  (function pass(i, err, issuer) {","    // NOTE: `err` is ignored so that fallback discovery mechanisms will be","    //       attempted.","    if (err) {","      console.log('discovery attempt failed...');","      console.log(err);","    }","    // issuer was obtained, done","    if (issuer) { return done(null, issuer); }","    ","    var layer = stack[i];","    if (!layer) {","      return done(new Error('Failed to discover OpenID Connect provider'));","    }","    ","    try {","      layer(identifier, function(e, is) { pass(i + 1, e, is); } )","    } catch (ex) {","      return done(ex);","    }","  })(0);","}","","exports.configuration = function(issuer, done) {","  if (typeof issuer === 'function') {","    return configurers.push(issuer);","  }","  ","  var stack = configurers;","  (function pass(i, err, config) {","    // error or config was obtained, done","    if (err || config) { return done(err, config); }","    ","    var layer = stack[i];","    if (!layer) {","      // Locally-implemented methods of loading configuration did not obtain a","      // result.  Proceed to protocol-defined mechanisms in an attempt to","      // discover the provider's configuration.","      return configuration(issuer, done);","    }","    ","    try {","      layer(issuer, function(e, c) { pass(i + 1, e, c); } )","    } catch (ex) {","      return done(ex);","    }","  })(0);","}","","exports.registration = function(provider, done) {","  if (typeof provider === 'function') {","    return registerers.push(provider);","  }","  ","  var stack = registerers;","  (function pass(i, err, config) {","    // error or config was obtained, done","    if (err || config) { return done(err, config); }","    ","    var layer = stack[i];","    if (!layer) {","      return done(new Error('Failed to register with OpenID Connect provider'));","    }","    ","    try {","      layer(provider, function(e, c) { pass(i + 1, e, c); } )","    } catch (ex) {","      return done(ex);","    }","  })(0);","}",""],"l":{"1":2,"3":0,"4":0,"5":0,"7":0,"8":0,"10":0,"11":0,"13":0,"14":0,"16":0,"21":0,"26":0,"27":0,"28":0,"29":0,"31":0,"39":0,"40":0,"41":0,"43":0,"44":0,"45":0,"48":0,"49":0,"52":0,"53":0,"54":0,"57":0,"59":0,"60":0,"61":0,"64":0,"65":0,"67":0,"72":0,"73":0,"74":0,"77":0,"78":0,"80":0,"82":0,"83":0,"87":0,"90":0,"91":0,"93":0,"98":0,"99":0,"100":0,"103":0,"104":0,"106":0,"108":0,"109":0,"110":0,"113":0,"114":0,"116":0}},"/home/travis/build/npmtest/node-npmtest-passport-openidconnect/node_modules/passport-openidconnect/lib/setup/dynamic.js":{"path":"/home/travis/build/npmtest/node-npmtest-passport-openidconnect/node_modules/passport-openidconnect/lib/setup/dynamic.js","s":{"1":1,"2":1,"3":1,"4":1,"5":1,"6":1,"7":0,"8":0,"9":0,"10":0,"11":0,"12":0,"13":0,"14":0,"15":0,"16":0,"17":0,"18":0,"19":0,"20":0,"21":0,"22":0,"23":0,"24":0,"25":0,"26":0,"27":0,"28":0,"29":0,"30":0,"31":0,"32":0,"33":0,"34":0,"35":0,"36":0,"37":0,"38":0,"39":0,"40":0,"41":0,"42":0},"b":{"1":[0,0],"2":[0,0],"3":[0,0],"4":[0,0],"5":[0,0],"6":[0,0],"7":[0,0],"8":[0,0],"9":[0,0]},"f":{"1":0,"2":0,"3":0,"4":0,"5":0},"fnMap":{"1":{"name":"(anonymous_1)","line":9,"loc":{"start":{"line":9,"column":27},"end":{"line":9,"column":45}}},"2":{"name":"dynamic","line":25,"loc":{"start":{"line":25,"column":9},"end":{"line":25,"column":42}}},"3":{"name":"(anonymous_3)","line":27,"loc":{"start":{"line":27,"column":33},"end":{"line":27,"column":55}}},"4":{"name":"(anonymous_4)","line":47,"loc":{"start":{"line":47,"column":23},"end":{"line":47,"column":48}}},"5":{"name":"(anonymous_5)","line":72,"loc":{"start":{"line":72,"column":41},"end":{"line":72,"column":63}}}},"statementMap":{"1":{"start":{"line":1,"column":0},"end":{"line":1,"column":33}},"2":{"start":{"line":2,"column":0},"end":{"line":2,"column":38}},"3":{"start":{"line":3,"column":0},"end":{"line":3,"column":40}},"4":{"start":{"line":5,"column":0},"end":{"line":5,"column":15}},"5":{"start":{"line":6,"column":0},"end":{"line":6,"column":16}},"6":{"start":{"line":9,"column":0},"end":{"line":84,"column":2}},"7":{"start":{"line":10,"column":2},"end":{"line":10,"column":34}},"8":{"start":{"line":11,"column":2},"end":{"line":11,"column":36}},"9":{"start":{"line":13,"column":2},"end":{"line":17,"column":3}},"10":{"start":{"line":15,"column":4},"end":{"line":15,"column":53}},"11":{"start":{"line":16,"column":4},"end":{"line":16,"column":26}},"12":{"start":{"line":18,"column":2},"end":{"line":22,"column":3}},"13":{"start":{"line":20,"column":4},"end":{"line":20,"column":56}},"14":{"start":{"line":21,"column":4},"end":{"line":21,"column":28}},"15":{"start":{"line":25,"column":2},"end":{"line":83,"column":4}},"16":{"start":{"line":27,"column":4},"end":{"line":82,"column":7}},"17":{"start":{"line":28,"column":6},"end":{"line":28,"column":34}},"18":{"start":{"line":28,"column":17},"end":{"line":28,"column":32}},"19":{"start":{"line":32,"column":6},"end":{"line":32,"column":61}},"20":{"start":{"line":47,"column":6},"end":{"line":81,"column":9}},"21":{"start":{"line":48,"column":8},"end":{"line":48,"column":36}},"22":{"start":{"line":48,"column":19},"end":{"line":48,"column":34}},"23":{"start":{"line":49,"column":8},"end":{"line":51,"column":9}},"24":{"start":{"line":50,"column":10},"end":{"line":50,"column":111}},"25":{"start":{"line":53,"column":8},"end":{"line":53,"column":24}},"26":{"start":{"line":55,"column":8},"end":{"line":69,"column":9}},"27":{"start":{"line":56,"column":10},"end":{"line":56,"column":38}},"28":{"start":{"line":58,"column":10},"end":{"line":58,"column":38}},"29":{"start":{"line":59,"column":10},"end":{"line":59,"column":64}},"30":{"start":{"line":60,"column":10},"end":{"line":60,"column":48}},"31":{"start":{"line":61,"column":10},"end":{"line":61,"column":54}},"32":{"start":{"line":62,"column":10},"end":{"line":62,"column":62}},"33":{"start":{"line":64,"column":10},"end":{"line":64,"column":29}},"34":{"start":{"line":68,"column":10},"end":{"line":68,"column":80}},"35":{"start":{"line":72,"column":8},"end":{"line":80,"column":11}},"36":{"start":{"line":73,"column":10},"end":{"line":73,"column":44}},"37":{"start":{"line":73,"column":21},"end":{"line":73,"column":42}},"38":{"start":{"line":74,"column":10},"end":{"line":74,"column":38}},"39":{"start":{"line":75,"column":10},"end":{"line":75,"column":46}},"40":{"start":{"line":76,"column":10},"end":{"line":78,"column":11}},"41":{"start":{"line":77,"column":12},"end":{"line":77,"column":56}},"42":{"start":{"line":79,"column":10},"end":{"line":79,"column":34}}},"branchMap":{"1":{"line":13,"type":"if","locations":[{"start":{"line":13,"column":2},"end":{"line":13,"column":2}},{"start":{"line":13,"column":2},"end":{"line":13,"column":2}}]},"2":{"line":15,"type":"binary-expr","locations":[{"start":{"line":15,"column":17},"end":{"line":15,"column":27}},{"start":{"line":15,"column":31},"end":{"line":15,"column":52}}]},"3":{"line":18,"type":"if","locations":[{"start":{"line":18,"column":2},"end":{"line":18,"column":2}},{"start":{"line":18,"column":2},"end":{"line":18,"column":2}}]},"4":{"line":20,"type":"binary-expr","locations":[{"start":{"line":20,"column":18},"end":{"line":20,"column":29}},{"start":{"line":20,"column":33},"end":{"line":20,"column":55}}]},"5":{"line":28,"type":"if","locations":[{"start":{"line":28,"column":6},"end":{"line":28,"column":6}},{"start":{"line":28,"column":6},"end":{"line":28,"column":6}}]},"6":{"line":48,"type":"if","locations":[{"start":{"line":48,"column":8},"end":{"line":48,"column":8}},{"start":{"line":48,"column":8},"end":{"line":48,"column":8}}]},"7":{"line":49,"type":"if","locations":[{"start":{"line":49,"column":8},"end":{"line":49,"column":8}},{"start":{"line":49,"column":8},"end":{"line":49,"column":8}}]},"8":{"line":73,"type":"if","locations":[{"start":{"line":73,"column":10},"end":{"line":73,"column":10}},{"start":{"line":73,"column":10},"end":{"line":73,"column":10}}]},"9":{"line":76,"type":"if","locations":[{"start":{"line":76,"column":10},"end":{"line":76,"column":10}},{"start":{"line":76,"column":10},"end":{"line":76,"column":10}}]}},"code":["var request = require('request');","var Resolver = require('../resolver');","var Registrar = require('../registrar');","","var __resolver;","var __registrar;","","","exports = module.exports = function(options) {","  var resolver = options.resolver;","  var registrar = options.registrar;","  ","  if (!resolver) {","    // Construct and use singleton resolver.","    __resolver = __resolver || new Resolver(options);","    resolver = __resolver;","  }","  if (!registrar) {","    // Construct and use singleton registrar.","    __registrar = __registrar || new Registrar(options);","    registrar = __registrar;","  }","  ","  ","  return function dynamic(identifier, cb) {","","    resolver.resolve(identifier, function(err, issuer) {","      if (err) { return cb(err); }","      ","      ","      // TODO: Check if path already ends in \"/\"","      var url = issuer + '/.well-known/openid-configuration';","      ","      // TODO: Pass accept header correctly","      /*","      headers['Accept'] = 'application/json';","  ","      var options = {","        host: parsed.hostname,","        port: parsed.port,","        path: path,","        method: 'GET',","        headers: headers","      };","      */","      ","      request.get(url, function(err, res, body) {","        if (err) { return cb(err); }","        if (res.statusCode !== 200) {","          return cb(new Error(\"Unexpected status code from OpenID provider configuration: \" + res.statusCode));","        }","      ","        var config = {};","      ","        try {","          var json = JSON.parse(body);","        ","          config.issuer = json.issuer;","          config.authorizationURL = json.authorization_endpoint;","          config.tokenURL = json.token_endpoint;","          config.userInfoURL = json.userinfo_endpoint;","          config.registrationURL = json.registration_endpoint;","        ","          config._raw = json;","        ","          //cb(null, config);","        } catch(ex) {","          return cb(new Error('Failed to parse OpenID provider configuration'));","        }","      ","        // TODO: Pass registrationURL here.","        registrar.resolve(config.issuer, function(err, client) {","          if (err) { return cb(null, err); }","          config.clientID = client.id;","          config.clientSecret = client.secret;","          if (client.redirectURIs) {","            config.callbackURL = client.redirectURIs[0];","          }","          return cb(null, config);","        });","      });","    });","  };","};",""],"l":{"1":1,"2":1,"3":1,"5":1,"6":1,"9":1,"10":0,"11":0,"13":0,"15":0,"16":0,"18":0,"20":0,"21":0,"25":0,"27":0,"28":0,"32":0,"47":0,"48":0,"49":0,"50":0,"53":0,"55":0,"56":0,"58":0,"59":0,"60":0,"61":0,"62":0,"64":0,"68":0,"72":0,"73":0,"74":0,"75":0,"76":0,"77":0,"79":0}},"/home/travis/build/npmtest/node-npmtest-passport-openidconnect/node_modules/passport-openidconnect/lib/setup/manual.js":{"path":"/home/travis/build/npmtest/node-npmtest-passport-openidconnect/node_modules/passport-openidconnect/lib/setup/manual.js","s":{"1":1,"2":0,"3":0,"4":0,"5":0,"6":0,"7":0,"8":0,"9":0,"10":0,"11":0},"b":{"1":[0,0],"2":[0,0]},"f":{"1":0,"2":0,"3":0},"fnMap":{"1":{"name":"(anonymous_1)","line":1,"loc":{"start":{"line":1,"column":27},"end":{"line":1,"column":45}}},"2":{"name":"manual","line":3,"loc":{"start":{"line":3,"column":9},"end":{"line":3,"column":41}}},"3":{"name":"(anonymous_3)","line":4,"loc":{"start":{"line":4,"column":97},"end":{"line":4,"column":111}}}},"statementMap":{"1":{"start":{"line":1,"column":0},"end":{"line":25,"column":2}},"2":{"start":{"line":3,"column":2},"end":{"line":24,"column":4}},"3":{"start":{"line":4,"column":4},"end":{"line":4,"column":138}},"4":{"start":{"line":4,"column":113},"end":{"line":4,"column":134}},"5":{"start":{"line":5,"column":4},"end":{"line":5,"column":133}},"6":{"start":{"line":5,"column":24},"end":{"line":5,"column":133}},"7":{"start":{"line":7,"column":4},"end":{"line":15,"column":5}},"8":{"start":{"line":17,"column":4},"end":{"line":21,"column":7}},"9":{"start":{"line":18,"column":6},"end":{"line":20,"column":7}},"10":{"start":{"line":19,"column":8},"end":{"line":19,"column":35}},"11":{"start":{"line":23,"column":4},"end":{"line":23,"column":28}}},"branchMap":{"1":{"line":5,"type":"if","locations":[{"start":{"line":5,"column":4},"end":{"line":5,"column":4}},{"start":{"line":5,"column":4},"end":{"line":5,"column":4}}]},"2":{"line":18,"type":"if","locations":[{"start":{"line":18,"column":6},"end":{"line":18,"column":6}},{"start":{"line":18,"column":6},"end":{"line":18,"column":6}}]}},"code":["exports = module.exports = function(options) {","","  return function manual(identifier, cb) {","    var missing = ['issuer', 'authorizationURL', 'tokenURL', 'clientID', 'clientSecret'].filter( function(opt) { return !options[opt] } );","    if (missing.length) return cb(new Error('Manual OpenID configuration is missing required parameter(s) - ' + missing.join(', ')));","","    var params = {","      issuer: options.issuer,","      authorizationURL: options.authorizationURL,","      tokenURL: options.tokenURL,","      userInfoURL: options.userInfoURL,","      clientID: options.clientID,","      clientSecret: options.clientSecret,","      callbackURL: options.callbackURL","    }","","    Object.keys(options).map(opt => {","      if (['nonce', 'display', 'prompt', 'max_age', 'ui_locals', 'id_token_hint', 'login_hint', 'acr_values'].indexOf(opt) !== -1) {","        params[opt] = options[opt];","      }","    });","","    return cb(null, params);","  };","};",""],"l":{"1":1,"3":0,"4":0,"5":0,"7":0,"17":0,"18":0,"19":0,"23":0}}}